<?xml version="1.0" encoding="UTF-8"?>
<robot generator="Robot 7.4.2 (Python 3.14.3 on win32)" generated="2026-04-14T08:51:05.729480" rpa="false" schemaversion="5">
<suite id="s1" name="Tests" source="C:\Users\vidal\Downloads\QE-AIR-Compass-Leticia-Vidal\Documentos\Fase-2\Sprint-4\semana-8\tests">
<suite id="s1-s1" name="Carrinho" source="C:\Users\vidal\Downloads\QE-AIR-Compass-Leticia-Vidal\Documentos\Fase-2\Sprint-4\semana-8\tests\carrinho.robot">
<kw name="Criar Sessao API" owner="base_api" type="SETUP">
<kw name="Create Session" owner="RequestsLibrary">
<msg time="2026-04-14T08:51:06.683021" level="INFO">Creating Session using : alias=serverest, url=https://serverest.dev, headers={},                     cookies={}, auth=None, timeout=None, proxies=None, verify=False,                     debug=0 </msg>
<arg>serverest</arg>
<arg>${BASE_URL}</arg>
<arg>disable_warnings=True</arg>
<doc>Create Session: create a HTTP session to a server</doc>
<status status="PASS" start="2026-04-14T08:51:06.682031" elapsed="0.001184"/>
</kw>
<status status="PASS" start="2026-04-14T08:51:06.681168" elapsed="0.002122"/>
</kw>
<test id="s1-s1-t1" name="Cenário 01: Criar carrinho com sucesso" line="9">
<kw name="Limpar Carrinho">
<msg time="2026-04-14T08:51:06.688165" level="FAIL">No keyword with name 'Limpar Carrinho' found.</msg>
<status status="FAIL" start="2026-04-14T08:51:06.688110" elapsed="0.000111">No keyword with name 'Limpar Carrinho' found.</status>
</kw>
<kw name="Gerar Dados de Produto Realista" owner="data_factory">
<var>${prod}</var>
<status status="NOT RUN" start="2026-04-14T08:51:06.689137" elapsed="0.000057"/>
</kw>
<kw name="Criar Produto" owner="produtos">
<var>${resp_p}</var>
<arg>${prod}</arg>
<status status="NOT RUN" start="2026-04-14T08:51:06.690092" elapsed="0.000024"/>
</kw>
<kw name="Set Variable" owner="BuiltIn">
<var>${id_p}</var>
<arg>${resp_p.json()['_id']}</arg>
<doc>Returns the given values which can then be assigned to a variables.</doc>
<status status="NOT RUN" start="2026-04-14T08:51:06.690852" elapsed="0.000038"/>
</kw>
<kw name="Criar Body Carrinho">
<var>${body}</var>
<arg>${id_p}</arg>
<status status="NOT RUN" start="2026-04-14T08:51:06.691189" elapsed="0.000024"/>
</kw>
<kw name="Criar Carrinho">
<var>${response}</var>
<arg>${body}</arg>
<status status="NOT RUN" start="2026-04-14T08:51:06.691594" elapsed="0.000019"/>
</kw>
<kw name="Should Be Equal As Integers" owner="BuiltIn">
<arg>${response.status_code}</arg>
<arg>201</arg>
<doc>Fails if objects are unequal after converting them to integers.</doc>
<status status="NOT RUN" start="2026-04-14T08:51:06.691912" elapsed="0.000021"/>
</kw>
<status status="FAIL" start="2026-04-14T08:51:06.683732" elapsed="0.008513">No keyword with name 'Limpar Carrinho' found.</status>
</test>
<test id="s1-s1-t2" name="Cenário 02: Impedir mais de um carrinho" line="18">
<kw name="Limpar Carrinho">
<msg time="2026-04-14T08:51:06.695626" level="FAIL">No keyword with name 'Limpar Carrinho' found.</msg>
<status status="FAIL" start="2026-04-14T08:51:06.695581" elapsed="0.000092">No keyword with name 'Limpar Carrinho' found.</status>
</kw>
<kw name="Gerar Dados de Produto Realista" owner="data_factory">
<var>${prod}</var>
<status status="NOT RUN" start="2026-04-14T08:51:06.696830" elapsed="0.000053"/>
</kw>
<kw name="Criar Produto" owner="produtos">
<var>${resp_p}</var>
<arg>${prod}</arg>
<status status="NOT RUN" start="2026-04-14T08:51:06.697812" elapsed="0.000050"/>
</kw>
<kw name="Set Variable" owner="BuiltIn">
<var>${id_p}</var>
<arg>${resp_p.json()['_id']}</arg>
<doc>Returns the given values which can then be assigned to a variables.</doc>
<status status="NOT RUN" start="2026-04-14T08:51:06.698207" elapsed="0.000023"/>
</kw>
<kw name="Criar Body Carrinho">
<var>${body}</var>
<arg>${id_p}</arg>
<status status="NOT RUN" start="2026-04-14T08:51:06.698982" elapsed="0.000020"/>
</kw>
<kw name="Criar Carrinho">
<arg>${body}</arg>
<status status="NOT RUN" start="2026-04-14T08:51:06.699506" elapsed="0.000024"/>
</kw>
<kw name="Criar Carrinho">
<var>${response}</var>
<arg>${body}</arg>
<status status="NOT RUN" start="2026-04-14T08:51:06.699802" elapsed="0.000019"/>
</kw>
<kw name="Should Be Equal As Integers" owner="BuiltIn">
<arg>${response.status_code}</arg>
<arg>400</arg>
<doc>Fails if objects are unequal after converting them to integers.</doc>
<status status="NOT RUN" start="2026-04-14T08:51:06.701201" elapsed="0.000032"/>
</kw>
<status status="FAIL" start="2026-04-14T08:51:06.693258" elapsed="0.009249">No keyword with name 'Limpar Carrinho' found.</status>
</test>
<test id="s1-s1-t3" name="Cenário de Regressão: Estoque insuficiente" line="28">
<kw name="Limpar Carrinho">
<msg time="2026-04-14T08:51:06.706179" level="FAIL">No keyword with name 'Limpar Carrinho' found.</msg>
<status status="FAIL" start="2026-04-14T08:51:06.706143" elapsed="0.000076">No keyword with name 'Limpar Carrinho' found.</status>
</kw>
<kw name="Gerar Dados de Produto Realista" owner="data_factory">
<var>${prod}</var>
<arg>quantidade=5</arg>
<status status="NOT RUN" start="2026-04-14T08:51:06.706627" elapsed="0.000026"/>
</kw>
<kw name="Criar Produto" owner="produtos">
<var>${resp_p}</var>
<arg>${prod}</arg>
<status status="NOT RUN" start="2026-04-14T08:51:06.706912" elapsed="0.000017"/>
</kw>
<kw name="Set Variable" owner="BuiltIn">
<var>${id_p}</var>
<arg>${resp_p.json()['_id']}</arg>
<doc>Returns the given values which can then be assigned to a variables.</doc>
<status status="NOT RUN" start="2026-04-14T08:51:06.707131" elapsed="0.000018"/>
</kw>
<kw name="Create Dictionary" owner="BuiltIn">
<var>${item}</var>
<arg>idProduto=${id_p}</arg>
<arg>quantidade=6</arg>
<doc>Creates and returns a dictionary based on the given ``items``.</doc>
<status status="NOT RUN" start="2026-04-14T08:51:06.707341" elapsed="0.000013"/>
</kw>
<kw name="Create List" owner="BuiltIn">
<var>${lista}</var>
<arg>${item}</arg>
<doc>Returns a list containing given items.</doc>
<status status="NOT RUN" start="2026-04-14T08:51:06.707513" elapsed="0.000018"/>
</kw>
<kw name="Create Dictionary" owner="BuiltIn">
<var>${body}</var>
<arg>produtos=${lista}</arg>
<doc>Creates and returns a dictionary based on the given ``items``.</doc>
<status status="NOT RUN" start="2026-04-14T08:51:06.707935" elapsed="0.000024"/>
</kw>
<kw name="Criar Carrinho">
<var>${response}</var>
<arg>${body}</arg>
<status status="NOT RUN" start="2026-04-14T08:51:06.708187" elapsed="0.000015"/>
</kw>
<kw name="Verificar Status e Reportar Falha" owner="base_api">
<arg>${response}</arg>
<arg>400</arg>
<arg>Vendeu acima do estoque.</arg>
<status status="NOT RUN" start="2026-04-14T08:51:06.708422" elapsed="0.000030"/>
</kw>
<status status="FAIL" start="2026-04-14T08:51:06.703898" elapsed="0.005153">No keyword with name 'Limpar Carrinho' found.</status>
</test>
<test id="s1-s1-t4" name="Cenário de Regressão: Concluir compra sem carrinho" line="39">
<kw name="Limpar Carrinho">
<msg time="2026-04-14T08:51:06.711388" level="FAIL">No keyword with name 'Limpar Carrinho' found.</msg>
<status status="FAIL" start="2026-04-14T08:51:06.711356" elapsed="0.000103">No keyword with name 'Limpar Carrinho' found.</status>
</kw>
<kw name="Criar Header Autorizado" owner="base_api">
<var>${headers}</var>
<status status="NOT RUN" start="2026-04-14T08:51:06.711987" elapsed="0.000044"/>
</kw>
<kw name="DELETE Endpoint" owner="base_api">
<var>${response}</var>
<arg>/carrinhos/concluir-compra</arg>
<arg>${headers}</arg>
<status status="NOT RUN" start="2026-04-14T08:51:06.712766" elapsed="0.000063"/>
</kw>
<kw name="Verificar Status e Reportar Falha" owner="base_api">
<arg>${response}</arg>
<arg>400</arg>
<arg>Concluiu sem carrinho.</arg>
<status status="NOT RUN" start="2026-04-14T08:51:06.714300" elapsed="0.000134"/>
</kw>
<status status="FAIL" start="2026-04-14T08:51:06.709380" elapsed="0.005480">No keyword with name 'Limpar Carrinho' found.</status>
</test>
<doc>Endpoint /carrinhos</doc>
<status status="FAIL" start="2026-04-14T08:51:05.768651" elapsed="0.949283"/>
</suite>
<suite id="s1-s2" name="Login" source="C:\Users\vidal\Downloads\QE-AIR-Compass-Leticia-Vidal\Documentos\Fase-2\Sprint-4\semana-8\tests\login.robot">
<kw name="Criar Sessao API" owner="base_api" type="SETUP">
<kw name="Create Session" owner="RequestsLibrary">
<msg time="2026-04-14T08:51:06.726010" level="INFO">Creating Session using : alias=serverest, url=https://serverest.dev, headers={},                     cookies={}, auth=None, timeout=None, proxies=None, verify=False,                     debug=0 </msg>
<arg>serverest</arg>
<arg>${BASE_URL}</arg>
<arg>disable_warnings=True</arg>
<doc>Create Session: create a HTTP session to a server</doc>
<status status="PASS" start="2026-04-14T08:51:06.725818" elapsed="0.000389"/>
</kw>
<status status="PASS" start="2026-04-14T08:51:06.725662" elapsed="0.000646"/>
</kw>
<test id="s1-s2-t1" name="Cenário 01: Login realizado com sucesso" line="8">
<kw name="Gerar Dados de Usuario Completo" owner="data_factory">
<kw name="Name" owner="FakerLibrary">
<msg time="2026-04-14T08:51:06.727390" level="INFO">${nome} = Ana Viana</msg>
<var>${nome}</var>
<doc>:example: 'John Doe'</doc>
<status status="PASS" start="2026-04-14T08:51:06.727253" elapsed="0.000156"/>
</kw>
<kw name="Free Email" owner="FakerLibrary">
<msg time="2026-04-14T08:51:06.727593" level="INFO">${email} = sousamaria-julia@icloud.com</msg>
<var>${email}</var>
<status status="PASS" start="2026-04-14T08:51:06.727476" elapsed="0.000133"/>
</kw>
<kw name="Password" owner="FakerLibrary">
<msg time="2026-04-14T08:51:06.727824" level="INFO">${senha} = @s3YxCJy</msg>
<var>${senha}</var>
<arg>length=8</arg>
<doc>Generate a random password of the specified ``length``.</doc>
<status status="PASS" start="2026-04-14T08:51:06.727665" elapsed="0.000175"/>
</kw>
<kw name="Create Dictionary" owner="BuiltIn">
<msg time="2026-04-14T08:51:06.728599" level="INFO">&amp;{usuario} = { nome=Ana Viana | email=sousamaria-julia@icloud.com | password=@s3YxCJy | administrador=true }</msg>
<var>&amp;{usuario}</var>
<arg>nome=${nome}</arg>
<arg>email=${email}</arg>
<arg>password=${senha}</arg>
<arg>administrador=true</arg>
<doc>Creates and returns a dictionary based on the given ``items``.</doc>
<status status="PASS" start="2026-04-14T08:51:06.727916" elapsed="0.000712"/>
</kw>
<return>
<value>&amp;{usuario}</value>
<status status="PASS" start="2026-04-14T08:51:06.728690" elapsed="0.000041"/>
</return>
<msg time="2026-04-14T08:51:06.728840" level="INFO">${user} = {'nome': 'Ana Viana', 'email': 'sousamaria-julia@icloud.com', 'password': '@s3YxCJy', 'administrador': 'true'}</msg>
<var>${user}</var>
<status status="PASS" start="2026-04-14T08:51:06.727056" elapsed="0.001800"/>
</kw>
<kw name="Criar Usuario" owner="usuarios">
<kw name="POST Endpoint" owner="base_api">
<kw name="POST On Session" owner="RequestsLibrary">
<msg time="2026-04-14T08:51:07.491109" level="INFO">POST Request : url=https://serverest.dev/usuarios 
 path_url=/usuarios 
 headers={'Content-Length': '110', 'Content-Type': 'application/json'} 
 body=b'{"nome": "Ana Viana", "email": "sousamaria-julia@icloud.com", "password": "@s3YxCJy", "administrador": "true"}' 
 </msg>
<msg time="2026-04-14T08:51:07.491193" level="INFO">POST Response : url=https://serverest.dev/usuarios 
 status=201, reason=Created 
 headers={'access-control-allow-origin': '*', 'x-dns-prefetch-control': 'off', 'x-frame-options': 'SAMEORIGIN', 'strict-transport-security': 'max-age=15552000; includeSubDomains', 'x-download-options': 'noopen', 'x-content-type-options': 'nosniff', 'x-xss-protection': '1; mode=block', 'content-type': 'application/json; charset=utf-8', 'x-cloud-trace-context': '17f2f3591a4600a174c5e038e85e3c06;o=1', 'date': 'Tue, 14 Apr 2026 11:51:07 GMT', 'server': 'Google Frontend', 'Content-Length': '82'} 
 body={
    "message": "Cadastro realizado com sucesso",
    "_id": "BXZ499e8rcz3G0kX"
} 
 </msg>
<msg time="2026-04-14T08:51:07.491282" level="INFO">${response} = &lt;Response [201]&gt;</msg>
<var>${response}</var>
<arg>serverest</arg>
<arg>${endpoint}</arg>
<arg>json=${body}</arg>
<arg>headers=${headers}</arg>
<arg>expected_status=any</arg>
<doc>Sends a POST request on a previously created HTTP Session.</doc>
<status status="PASS" start="2026-04-14T08:51:06.730187" elapsed="0.761110"/>
</kw>
<return>
<value>${response}</value>
<status status="PASS" start="2026-04-14T08:51:07.491353" elapsed="0.000098"/>
</return>
<msg time="2026-04-14T08:51:07.491557" level="INFO">${response} = &lt;Response [201]&gt;</msg>
<var>${response}</var>
<arg>/usuarios</arg>
<arg>${usuario}</arg>
<status status="PASS" start="2026-04-14T08:51:06.729499" elapsed="0.762086"/>
</kw>
<return>
<value>${response}</value>
<status status="PASS" start="2026-04-14T08:51:07.491617" elapsed="0.000017"/>
</return>
<arg>${user}</arg>
<status status="PASS" start="2026-04-14T08:51:06.729069" elapsed="0.762622"/>
</kw>
<kw name="Fazer Login Request" owner="base_api">
<kw name="Create Dictionary" owner="BuiltIn">
<msg time="2026-04-14T08:51:07.493109" level="INFO">${payload} = {'email': 'sousamaria-julia@icloud.com', 'password': '@s3YxCJy'}</msg>
<var>${payload}</var>
<arg>email=${usuario['email']}</arg>
<arg>password=${usuario['password']}</arg>
<doc>Creates and returns a dictionary based on the given ``items``.</doc>
<status status="PASS" start="2026-04-14T08:51:07.492507" elapsed="0.000622"/>
</kw>
<kw name="POST Endpoint" owner="base_api">
<kw name="POST On Session" owner="RequestsLibrary">
<msg time="2026-04-14T08:51:07.685303" level="INFO">POST Request : url=https://serverest.dev/login 
 path_url=/login 
 headers={'Content-Length': '64', 'Content-Type': 'application/json'} 
 body=b'{"email": "sousamaria-julia@icloud.com", "password": "@s3YxCJy"}' 
 </msg>
<msg time="2026-04-14T08:51:07.685470" level="INFO">POST Response : url=https://serverest.dev/login 
 status=200, reason=OK 
 headers={'access-control-allow-origin': '*', 'x-dns-prefetch-control': 'off', 'x-frame-options': 'SAMEORIGIN', 'strict-transport-security': 'max-age=15552000; includeSubDomains', 'x-download-options': 'noopen', 'x-content-type-options': 'nosniff', 'x-xss-protection': '1; mode=block', 'content-type': 'application/json; charset=utf-8', 'x-cloud-trace-context': '9578b57b3b80eb1a74c5e038e85e3754', 'date': 'Tue, 14 Apr 2026 11:51:07 GMT', 'server': 'Google Frontend', 'Content-Length': '288'} 
 body={
    "message": "Login realizado com sucesso",
    "authorization": "Bearer eyJhbGciOiJIUzI1NiIsInR5cCI6IkpXVCJ9.eyJlbWFpbCI6InNvdXNhbWFyaWEtanVsaWFAaWNsb3VkLmNvbSIsInBhc3N3b3JkIjoiQHMzWXhDSnkiLCJpYXQiOjE3NzYxNjc0NjcsImV4cCI6MTc3NjE2ODA2N30.6QeDDAk2YG3o_xHZTcRIR3qS-BZlYuUS5y8DXdcKeSw"
} 
 </msg>
<msg time="2026-04-14T08:51:07.685689" level="INFO">${response} = &lt;Response [200]&gt;</msg>
<var>${response}</var>
<arg>serverest</arg>
<arg>${endpoint}</arg>
<arg>json=${body}</arg>
<arg>headers=${headers}</arg>
<arg>expected_status=any</arg>
<doc>Sends a POST request on a previously created HTTP Session.</doc>
<status status="PASS" start="2026-04-14T08:51:07.493655" elapsed="0.192077"/>
</kw>
<return>
<value>${response}</value>
<status status="PASS" start="2026-04-14T08:51:07.685865" elapsed="0.000103"/>
</return>
<msg time="2026-04-14T08:51:07.686207" level="INFO">${response} = &lt;Response [200]&gt;</msg>
<var>${response}</var>
<arg>/login</arg>
<arg>${payload}</arg>
<status status="PASS" start="2026-04-14T08:51:07.493230" elapsed="0.193020"/>
</kw>
<return>
<value>${response}</value>
<status status="PASS" start="2026-04-14T08:51:07.686337" elapsed="0.000044"/>
</return>
<msg time="2026-04-14T08:51:07.686562" level="INFO">${response} = &lt;Response [200]&gt;</msg>
<var>${response}</var>
<arg>${user}</arg>
<status status="PASS" start="2026-04-14T08:51:07.492221" elapsed="0.194381"/>
</kw>
<kw name="Should Be Equal As Integers" owner="BuiltIn">
<msg time="2026-04-14T08:51:07.688461" level="INFO">Argument types are:
&lt;class 'int'&gt;
&lt;class 'str'&gt;</msg>
<arg>${response.status_code}</arg>
<arg>200</arg>
<doc>Fails if objects are unequal after converting them to integers.</doc>
<status status="PASS" start="2026-04-14T08:51:07.687356" elapsed="0.001227"/>
</kw>
<kw name="Dictionary Should Contain Key" owner="Collections">
<arg>${response.json()}</arg>
<arg>authorization</arg>
<doc>Fails if ``key`` is not found from ``dictionary``.</doc>
<status status="PASS" start="2026-04-14T08:51:07.689341" elapsed="0.000815"/>
</kw>
<status status="PASS" start="2026-04-14T08:51:06.726366" elapsed="0.964506"/>
</test>
<test id="s1-s2-t2" name="Cenário 02: Login com senha inválida" line="15">
<kw name="Gerar Dados de Usuario Completo" owner="data_factory">
<kw name="Name" owner="FakerLibrary">
<msg time="2026-04-14T08:51:07.693668" level="INFO">${nome} = Alícia Pastor</msg>
<var>${nome}</var>
<doc>:example: 'John Doe'</doc>
<status status="PASS" start="2026-04-14T08:51:07.692959" elapsed="0.000769"/>
</kw>
<kw name="Free Email" owner="FakerLibrary">
<msg time="2026-04-14T08:51:07.694105" level="INFO">${email} = duarteagatha@uol.com.br</msg>
<var>${email}</var>
<status status="PASS" start="2026-04-14T08:51:07.693867" elapsed="0.000265"/>
</kw>
<kw name="Password" owner="FakerLibrary">
<msg time="2026-04-14T08:51:07.694495" level="INFO">${senha} = $pem6Kxf</msg>
<var>${senha}</var>
<arg>length=8</arg>
<doc>Generate a random password of the specified ``length``.</doc>
<status status="PASS" start="2026-04-14T08:51:07.694238" elapsed="0.000281"/>
</kw>
<kw name="Create Dictionary" owner="BuiltIn">
<msg time="2026-04-14T08:51:07.695450" level="INFO">&amp;{usuario} = { nome=Alícia Pastor | email=duarteagatha@uol.com.br | password=$pem6Kxf | administrador=true }</msg>
<var>&amp;{usuario}</var>
<arg>nome=${nome}</arg>
<arg>email=${email}</arg>
<arg>password=${senha}</arg>
<arg>administrador=true</arg>
<doc>Creates and returns a dictionary based on the given ``items``.</doc>
<status status="PASS" start="2026-04-14T08:51:07.694758" elapsed="0.000734"/>
</kw>
<return>
<value>&amp;{usuario}</value>
<status status="PASS" start="2026-04-14T08:51:07.695600" elapsed="0.000080"/>
</return>
<msg time="2026-04-14T08:51:07.695828" level="INFO">${user} = {'nome': 'Alícia Pastor', 'email': 'duarteagatha@uol.com.br', 'password': '$pem6Kxf', 'administrador': 'true'}</msg>
<var>${user}</var>
<status status="PASS" start="2026-04-14T08:51:07.692585" elapsed="0.003283"/>
</kw>
<kw name="Criar Usuario" owner="usuarios">
<kw name="POST Endpoint" owner="base_api">
<kw name="POST On Session" owner="RequestsLibrary">
<msg time="2026-04-14T08:51:07.896007" level="INFO">POST Request : url=https://serverest.dev/usuarios 
 path_url=/usuarios 
 headers={'Content-Length': '115', 'Content-Type': 'application/json'} 
 body=b'{"nome": "Al\\u00edcia Pastor", "email": "duarteagatha@uol.com.br", "password": "$pem6Kxf", "administrador": "true"}' 
 </msg>
<msg time="2026-04-14T08:51:07.896208" level="INFO">POST Response : url=https://serverest.dev/usuarios 
 status=201, reason=Created 
 headers={'access-control-allow-origin': '*', 'x-dns-prefetch-control': 'off', 'x-frame-options': 'SAMEORIGIN', 'strict-transport-security': 'max-age=15552000; includeSubDomains', 'x-download-options': 'noopen', 'x-content-type-options': 'nosniff', 'x-xss-protection': '1; mode=block', 'content-type': 'application/json; charset=utf-8', 'x-cloud-trace-context': '937b75f6ee87fcc574c5e038e85e364a', 'date': 'Tue, 14 Apr 2026 11:51:07 GMT', 'server': 'Google Frontend', 'Content-Length': '82'} 
 body={
    "message": "Cadastro realizado com sucesso",
    "_id": "VaStYeHbXwkYckH7"
} 
 </msg>
<msg time="2026-04-14T08:51:07.896621" level="INFO">${response} = &lt;Response [201]&gt;</msg>
<var>${response}</var>
<arg>serverest</arg>
<arg>${endpoint}</arg>
<arg>json=${body}</arg>
<arg>headers=${headers}</arg>
<arg>expected_status=any</arg>
<doc>Sends a POST request on a previously created HTTP Session.</doc>
<status status="PASS" start="2026-04-14T08:51:07.697480" elapsed="0.199243"/>
</kw>
<return>
<value>${response}</value>
<status status="PASS" start="2026-04-14T08:51:07.896880" elapsed="0.000080"/>
</return>
<msg time="2026-04-14T08:51:07.897142" level="INFO">${response} = &lt;Response [201]&gt;</msg>
<var>${response}</var>
<arg>/usuarios</arg>
<arg>${usuario}</arg>
<status status="PASS" start="2026-04-14T08:51:07.696830" elapsed="0.200341"/>
</kw>
<return>
<value>${response}</value>
<status status="PASS" start="2026-04-14T08:51:07.897221" elapsed="0.000028"/>
</return>
<arg>${user}</arg>
<status status="PASS" start="2026-04-14T08:51:07.696381" elapsed="0.200966"/>
</kw>
<kw name="Create Dictionary" owner="BuiltIn">
<msg time="2026-04-14T08:51:07.898940" level="INFO">${body_errado} = {'email': 'duarteagatha@uol.com.br', 'password': 'erro123'}</msg>
<var>${body_errado}</var>
<arg>email=${user['email']}</arg>
<arg>password=erro123</arg>
<doc>Creates and returns a dictionary based on the given ``items``.</doc>
<status status="PASS" start="2026-04-14T08:51:07.897712" elapsed="0.001263"/>
</kw>
<kw name="POST Endpoint" owner="base_api">
<kw name="POST On Session" owner="RequestsLibrary">
<msg time="2026-04-14T08:51:08.104930" level="INFO">POST Request : url=https://serverest.dev/login 
 path_url=/login 
 headers={'Content-Length': '59', 'Content-Type': 'application/json'} 
 body=b'{"email": "duarteagatha@uol.com.br", "password": "erro123"}' 
 </msg>
<msg time="2026-04-14T08:51:08.105005" level="INFO">POST Response : url=https://serverest.dev/login 
 status=401, reason=Unauthorized 
 headers={'access-control-allow-origin': '*', 'x-dns-prefetch-control': 'off', 'x-frame-options': 'SAMEORIGIN', 'strict-transport-security': 'max-age=15552000; includeSubDomains', 'x-download-options': 'noopen', 'x-content-type-options': 'nosniff', 'x-xss-protection': '1; mode=block', 'content-type': 'application/json; charset=utf-8', 'x-cloud-trace-context': '048e5306c2fb661c74c5e038e85e3540', 'date': 'Tue, 14 Apr 2026 11:51:08 GMT', 'server': 'Google Frontend', 'Content-Length': '48'} 
 body={
    "message": "Email e/ou senha inválidos"
} 
 </msg>
<msg time="2026-04-14T08:51:08.105094" level="INFO">${response} = &lt;Response [401]&gt;</msg>
<var>${response}</var>
<arg>serverest</arg>
<arg>${endpoint}</arg>
<arg>json=${body}</arg>
<arg>headers=${headers}</arg>
<arg>expected_status=any</arg>
<doc>Sends a POST request on a previously created HTTP Session.</doc>
<status status="PASS" start="2026-04-14T08:51:07.899982" elapsed="0.205126"/>
</kw>
<return>
<value>${response}</value>
<status status="PASS" start="2026-04-14T08:51:08.105159" elapsed="0.000028"/>
</return>
<msg time="2026-04-14T08:51:08.105291" level="INFO">${response} = &lt;Response [401]&gt;</msg>
<var>${response}</var>
<arg>/login</arg>
<arg>${body_errado}</arg>
<status status="PASS" start="2026-04-14T08:51:07.899390" elapsed="0.205915"/>
</kw>
<kw name="Should Be Equal As Integers" owner="BuiltIn">
<msg time="2026-04-14T08:51:08.106085" level="INFO">Argument types are:
&lt;class 'int'&gt;
&lt;class 'str'&gt;</msg>
<arg>${response.status_code}</arg>
<arg>401</arg>
<doc>Fails if objects are unequal after converting them to integers.</doc>
<status status="PASS" start="2026-04-14T08:51:08.105614" elapsed="0.000513"/>
</kw>
<status status="PASS" start="2026-04-14T08:51:07.691835" elapsed="0.414719"/>
</test>
<test id="s1-s2-t3" name="Cenário 03: Login com e-mail não cadastrado" line="22">
<kw name="Gerar Dados de Usuario Completo" owner="data_factory">
<kw name="Name" owner="FakerLibrary">
<msg time="2026-04-14T08:51:08.107729" level="INFO">${nome} = Evelyn da Cunha</msg>
<var>${nome}</var>
<doc>:example: 'John Doe'</doc>
<status status="PASS" start="2026-04-14T08:51:08.107597" elapsed="0.000149"/>
</kw>
<kw name="Free Email" owner="FakerLibrary">
<msg time="2026-04-14T08:51:08.107896" level="INFO">${email} = tvargas@outlook.com.br</msg>
<var>${email}</var>
<status status="PASS" start="2026-04-14T08:51:08.107804" elapsed="0.000107"/>
</kw>
<kw name="Password" owner="FakerLibrary">
<msg time="2026-04-14T08:51:08.108094" level="INFO">${senha} = HwT(S3Lr</msg>
<var>${senha}</var>
<arg>length=8</arg>
<doc>Generate a random password of the specified ``length``.</doc>
<status status="PASS" start="2026-04-14T08:51:08.107963" elapsed="0.000145"/>
</kw>
<kw name="Create Dictionary" owner="BuiltIn">
<msg time="2026-04-14T08:51:08.108564" level="INFO">&amp;{usuario} = { nome=Evelyn da Cunha | email=tvargas@outlook.com.br | password=HwT(S3Lr | administrador=true }</msg>
<var>&amp;{usuario}</var>
<arg>nome=${nome}</arg>
<arg>email=${email}</arg>
<arg>password=${senha}</arg>
<arg>administrador=true</arg>
<doc>Creates and returns a dictionary based on the given ``items``.</doc>
<status status="PASS" start="2026-04-14T08:51:08.108223" elapsed="0.000359"/>
</kw>
<return>
<value>&amp;{usuario}</value>
<status status="PASS" start="2026-04-14T08:51:08.108618" elapsed="0.000023"/>
</return>
<msg time="2026-04-14T08:51:08.108725" level="INFO">${user_fake} = {'nome': 'Evelyn da Cunha', 'email': 'tvargas@outlook.com.br', 'password': 'HwT(S3Lr', 'administrador': 'true'}</msg>
<var>${user_fake}</var>
<status status="PASS" start="2026-04-14T08:51:08.107412" elapsed="0.001327"/>
</kw>
<kw name="Fazer Login Request" owner="base_api">
<kw name="Create Dictionary" owner="BuiltIn">
<msg time="2026-04-14T08:51:08.109757" level="INFO">${payload} = {'email': 'tvargas@outlook.com.br', 'password': 'HwT(S3Lr'}</msg>
<var>${payload}</var>
<arg>email=${usuario['email']}</arg>
<arg>password=${usuario['password']}</arg>
<doc>Creates and returns a dictionary based on the given ``items``.</doc>
<status status="PASS" start="2026-04-14T08:51:08.109222" elapsed="0.000551"/>
</kw>
<kw name="POST Endpoint" owner="base_api">
<kw name="POST On Session" owner="RequestsLibrary">
<msg time="2026-04-14T08:51:08.308675" level="INFO">POST Request : url=https://serverest.dev/login 
 path_url=/login 
 headers={'Content-Length': '59', 'Content-Type': 'application/json'} 
 body=b'{"email": "tvargas@outlook.com.br", "password": "HwT(S3Lr"}' 
 </msg>
<msg time="2026-04-14T08:51:08.308811" level="INFO">POST Response : url=https://serverest.dev/login 
 status=401, reason=Unauthorized 
 headers={'access-control-allow-origin': '*', 'x-dns-prefetch-control': 'off', 'x-frame-options': 'SAMEORIGIN', 'strict-transport-security': 'max-age=15552000; includeSubDomains', 'x-download-options': 'noopen', 'x-content-type-options': 'nosniff', 'x-xss-protection': '1; mode=block', 'content-type': 'application/json; charset=utf-8', 'x-cloud-trace-context': '8a4c31de5469dcf274c5e038e85e3244', 'date': 'Tue, 14 Apr 2026 11:51:08 GMT', 'server': 'Google Frontend', 'Content-Length': '48'} 
 body={
    "message": "Email e/ou senha inválidos"
} 
 </msg>
<msg time="2026-04-14T08:51:08.309004" level="INFO">${response} = &lt;Response [401]&gt;</msg>
<var>${response}</var>
<arg>serverest</arg>
<arg>${endpoint}</arg>
<arg>json=${body}</arg>
<arg>headers=${headers}</arg>
<arg>expected_status=any</arg>
<doc>Sends a POST request on a previously created HTTP Session.</doc>
<status status="PASS" start="2026-04-14T08:51:08.110194" elapsed="0.198846"/>
</kw>
<return>
<value>${response}</value>
<status status="PASS" start="2026-04-14T08:51:08.309160" elapsed="0.000056"/>
</return>
<msg time="2026-04-14T08:51:08.309442" level="INFO">${response} = &lt;Response [401]&gt;</msg>
<var>${response}</var>
<arg>/login</arg>
<arg>${payload}</arg>
<status status="PASS" start="2026-04-14T08:51:08.109861" elapsed="0.199614"/>
</kw>
<return>
<value>${response}</value>
<status status="PASS" start="2026-04-14T08:51:08.309535" elapsed="0.000033"/>
</return>
<msg time="2026-04-14T08:51:08.309713" level="INFO">${response} = &lt;Response [401]&gt;</msg>
<var>${response}</var>
<arg>${user_fake}</arg>
<status status="PASS" start="2026-04-14T08:51:08.109035" elapsed="0.200708"/>
</kw>
<kw name="Should Be Equal As Integers" owner="BuiltIn">
<msg time="2026-04-14T08:51:08.310922" level="INFO">Argument types are:
&lt;class 'int'&gt;
&lt;class 'str'&gt;</msg>
<arg>${response.status_code}</arg>
<arg>401</arg>
<doc>Fails if objects are unequal after converting them to integers.</doc>
<status status="PASS" start="2026-04-14T08:51:08.310143" elapsed="0.000852"/>
</kw>
<status status="PASS" start="2026-04-14T08:51:08.107025" elapsed="0.204193"/>
</test>
<test id="s1-s2-t4" name="Cenário de Segurança: Acesso com Token Malformado" line="27">
<kw name="Create Dictionary" owner="BuiltIn">
<msg time="2026-04-14T08:51:08.312627" level="INFO">${headers} = {'Authorization': 'Bearer token_fake_123'}</msg>
<var>${headers}</var>
<arg>Authorization=Bearer token_fake_123</arg>
<doc>Creates and returns a dictionary based on the given ``items``.</doc>
<status status="PASS" start="2026-04-14T08:51:08.312292" elapsed="0.000362"/>
</kw>
<kw name="GET Endpoint" owner="base_api">
<kw name="GET On Session" owner="RequestsLibrary">
<msg time="2026-04-14T08:51:08.518511" level="INFO">GET Request : url=https://serverest.dev/carrinhos 
 path_url=/carrinhos 
 headers={'User-Agent': 'python-requests/2.32.5', 'Accept-Encoding': 'gzip, deflate, zstd', 'Accept': '*/*', 'Connection': 'keep-alive', 'Authorization': 'Bearer token_fake_123'} 
 body=None 
 </msg>
<msg time="2026-04-14T08:51:08.518669" level="INFO">GET Response : url=https://serverest.dev/carrinhos 
 status=200, reason=OK 
 headers={'access-control-allow-origin': '*', 'x-dns-prefetch-control': 'off', 'x-frame-options': 'SAMEORIGIN', 'strict-transport-security': 'max-age=15552000; includeSubDomains', 'x-download-options': 'noopen', 'x-content-type-options': 'nosniff', 'x-xss-protection': '1; mode=block', 'content-type': 'application/json; charset=utf-8', 'x-cloud-trace-context': '0ecbabdc6c10e69674c5e038e85e33e9', 'date': 'Tue, 14 Apr 2026 11:51:08 GMT', 'server': 'Google Frontend', 'Content-Length': '595'} 
 body={
    "quantidade": 1,
    "carrinhos": [
        {
            "produtos": [
                {
                    "idProduto": "BeeJh5lz3k6kSIzA",
                    "quantidade": 2,
                    "precoUnitario": 470
                },
                {
                    "idProduto": "K6leHdftCeOJj8BJ",
                    "quantidade": 1,
                    "precoUnitario": 5240
                }
            ],
            "precoTotal": 6180,
            "quantidadeTotal": 3,
            "idUsuario": "0uxuPY0cbmQhpEz1",
            "_id": "qbMqntef4iTOwWfg"
        }
    ]
} 
 </msg>
<msg time="2026-04-14T08:51:08.518890" level="INFO">${response} = &lt;Response [200]&gt;</msg>
<var>${response}</var>
<arg>serverest</arg>
<arg>${endpoint}</arg>
<arg>headers=${headers}</arg>
<arg>expected_status=any</arg>
<doc>Sends a GET request on a previously created HTTP Session.</doc>
<status status="PASS" start="2026-04-14T08:51:08.313191" elapsed="0.205744"/>
</kw>
<return>
<value>${response}</value>
<status status="PASS" start="2026-04-14T08:51:08.519071" elapsed="0.000073"/>
</return>
<msg time="2026-04-14T08:51:08.519412" level="INFO">${response} = &lt;Response [200]&gt;</msg>
<var>${response}</var>
<arg>/carrinhos</arg>
<arg>${headers}</arg>
<status status="PASS" start="2026-04-14T08:51:08.312898" elapsed="0.206557"/>
</kw>
<kw name="Verificar Status e Reportar Falha" owner="base_api">
<kw name="Convert To Integer" owner="BuiltIn">
<msg time="2026-04-14T08:51:08.521927" level="INFO">${status_atual} = 200</msg>
<var>${status_atual}</var>
<arg>${response.status_code}</arg>
<doc>Converts the given item to an integer number.</doc>
<status status="PASS" start="2026-04-14T08:51:08.520966" elapsed="0.001007"/>
</kw>
<kw name="Convert To Integer" owner="BuiltIn">
<msg time="2026-04-14T08:51:08.522551" level="INFO">${esperado} = 401</msg>
<var>${esperado}</var>
<arg>${status_esperado}</arg>
<doc>Converts the given item to an integer number.</doc>
<status status="PASS" start="2026-04-14T08:51:08.522155" elapsed="0.000429"/>
</kw>
<kw name="Should Be Equal" owner="BuiltIn">
<msg time="2026-04-14T08:51:08.523316" level="FAIL">BUG DETECTADO: A API não tratou token malformado. (Status: 200): 200 != 401</msg>
<arg>${status_atual}</arg>
<arg>${esperado}</arg>
<arg>msg=BUG DETECTADO: ${mensagem_customizada} (Status: ${status_atual})</arg>
<doc>Fails if the given objects are unequal.</doc>
<status status="FAIL" start="2026-04-14T08:51:08.522721" elapsed="0.000791">BUG DETECTADO: A API não tratou token malformado. (Status: 200): 200 != 401</status>
</kw>
<arg>${response}</arg>
<arg>401</arg>
<arg>A API não tratou token malformado.</arg>
<status status="FAIL" start="2026-04-14T08:51:08.520400" elapsed="0.003298">BUG DETECTADO: A API não tratou token malformado. (Status: 200): 200 != 401</status>
</kw>
<status status="FAIL" start="2026-04-14T08:51:08.311488" elapsed="0.212677">BUG DETECTADO: A API não tratou token malformado. (Status: 200): 200 != 401</status>
</test>
<test id="s1-s2-t5" name="Cenário 04: Não permitir login sem email" line="32">
<kw name="Create Dictionary" owner="BuiltIn">
<msg time="2026-04-14T08:51:08.526958" level="INFO">${body} = {'password': '123456'}</msg>
<var>${body}</var>
<arg>password=123456</arg>
<doc>Creates and returns a dictionary based on the given ``items``.</doc>
<status status="PASS" start="2026-04-14T08:51:08.526646" elapsed="0.000340"/>
</kw>
<kw name="POST Endpoint" owner="base_api">
<kw name="POST On Session" owner="RequestsLibrary">
<msg time="2026-04-14T08:51:08.715100" level="INFO">POST Request : url=https://serverest.dev/login 
 path_url=/login 
 headers={'Content-Length': '22', 'Content-Type': 'application/json'} 
 body=b'{"password": "123456"}' 
 </msg>
<msg time="2026-04-14T08:51:08.715253" level="INFO">POST Response : url=https://serverest.dev/login 
 status=400, reason=Bad Request 
 headers={'access-control-allow-origin': '*', 'x-dns-prefetch-control': 'off', 'x-frame-options': 'SAMEORIGIN', 'strict-transport-security': 'max-age=15552000; includeSubDomains', 'x-download-options': 'noopen', 'x-content-type-options': 'nosniff', 'x-xss-protection': '1; mode=block', 'content-type': 'application/json; charset=utf-8', 'x-cloud-trace-context': 'dd2fc915a66facfd74c5e038e85e358e', 'date': 'Tue, 14 Apr 2026 11:51:08 GMT', 'server': 'Google Frontend', 'Content-Length': '40'} 
 body={
    "email": "email é obrigatório"
} 
 </msg>
<msg time="2026-04-14T08:51:08.715482" level="INFO">${response} = &lt;Response [400]&gt;</msg>
<var>${response}</var>
<arg>serverest</arg>
<arg>${endpoint}</arg>
<arg>json=${body}</arg>
<arg>headers=${headers}</arg>
<arg>expected_status=any</arg>
<doc>Sends a POST request on a previously created HTTP Session.</doc>
<status status="PASS" start="2026-04-14T08:51:08.528129" elapsed="0.187397"/>
</kw>
<return>
<value>${response}</value>
<status status="PASS" start="2026-04-14T08:51:08.715672" elapsed="0.000094"/>
</return>
<msg time="2026-04-14T08:51:08.716079" level="INFO">${response} = &lt;Response [400]&gt;</msg>
<var>${response}</var>
<arg>/login</arg>
<arg>${body}</arg>
<status status="PASS" start="2026-04-14T08:51:08.527532" elapsed="0.188593"/>
</kw>
<kw name="Should Be Equal As Integers" owner="BuiltIn">
<msg time="2026-04-14T08:51:08.718380" level="INFO">Argument types are:
&lt;class 'int'&gt;
&lt;class 'str'&gt;</msg>
<arg>${response.status_code}</arg>
<arg>400</arg>
<doc>Fails if objects are unequal after converting them to integers.</doc>
<status status="PASS" start="2026-04-14T08:51:08.717146" elapsed="0.001349"/>
</kw>
<kw name="Validar Chaves do JSON" owner="base_api">
<for flavor="IN">
<iter>
<kw name="Dictionary Should Contain Key" owner="Collections">
<arg>${json}</arg>
<arg>${campo}</arg>
<doc>Fails if ``key`` is not found from ``dictionary``.</doc>
<status status="PASS" start="2026-04-14T08:51:08.721085" elapsed="0.000321"/>
</kw>
<var name="${campo}">email</var>
<status status="PASS" start="2026-04-14T08:51:08.720882" elapsed="0.000616"/>
</iter>
<var>${campo}</var>
<value>@{campos}</value>
<status status="PASS" start="2026-04-14T08:51:08.720597" elapsed="0.000967"/>
</for>
<arg>${response.json()}</arg>
<arg>email</arg>
<status status="PASS" start="2026-04-14T08:51:08.719537" elapsed="0.002122"/>
</kw>
<status status="PASS" start="2026-04-14T08:51:08.525589" elapsed="0.196893"/>
</test>
<test id="s1-s2-t6" name="Cenário 05: Não permitir login com body vazio" line="39">
<kw name="POST Endpoint" owner="base_api">
<kw name="POST On Session" owner="RequestsLibrary">
<msg time="2026-04-14T08:51:08.922324" level="INFO">POST Request : url=https://serverest.dev/login 
 path_url=/login 
 headers={'Content-Length': '2', 'Content-Type': 'application/json'} 
 body=b'{}' 
 </msg>
<msg time="2026-04-14T08:51:08.922476" level="INFO">POST Response : url=https://serverest.dev/login 
 status=400, reason=Bad Request 
 headers={'access-control-allow-origin': '*', 'x-dns-prefetch-control': 'off', 'x-frame-options': 'SAMEORIGIN', 'strict-transport-security': 'max-age=15552000; includeSubDomains', 'x-download-options': 'noopen', 'x-content-type-options': 'nosniff', 'x-xss-protection': '1; mode=block', 'content-type': 'application/json; charset=utf-8', 'x-cloud-trace-context': '1fb71b0da227154574c5e038e85e3075', 'date': 'Tue, 14 Apr 2026 11:51:08 GMT', 'server': 'Google Frontend', 'Content-Length': '84'} 
 body={
    "email": "email é obrigatório",
    "password": "password é obrigatório"
} 
 </msg>
<msg time="2026-04-14T08:51:08.922699" level="INFO">${response} = &lt;Response [400]&gt;</msg>
<var>${response}</var>
<arg>serverest</arg>
<arg>${endpoint}</arg>
<arg>json=${body}</arg>
<arg>headers=${headers}</arg>
<arg>expected_status=any</arg>
<doc>Sends a POST request on a previously created HTTP Session.</doc>
<status status="PASS" start="2026-04-14T08:51:08.726374" elapsed="0.196369"/>
</kw>
<return>
<value>${response}</value>
<status status="PASS" start="2026-04-14T08:51:08.922876" elapsed="0.000069"/>
</return>
<msg time="2026-04-14T08:51:08.923228" level="INFO">${response} = &lt;Response [400]&gt;</msg>
<var>${response}</var>
<arg>/login</arg>
<arg>${{{}}}</arg>
<status status="PASS" start="2026-04-14T08:51:08.725365" elapsed="0.197902"/>
</kw>
<kw name="Should Be Equal As Integers" owner="BuiltIn">
<msg time="2026-04-14T08:51:08.924836" level="INFO">Argument types are:
&lt;class 'int'&gt;
&lt;class 'str'&gt;</msg>
<arg>${response.status_code}</arg>
<arg>400</arg>
<doc>Fails if objects are unequal after converting them to integers.</doc>
<status status="PASS" start="2026-04-14T08:51:08.923851" elapsed="0.001079"/>
</kw>
<kw name="Validar Chaves do JSON" owner="base_api">
<for flavor="IN">
<iter>
<kw name="Dictionary Should Contain Key" owner="Collections">
<arg>${json}</arg>
<arg>${campo}</arg>
<doc>Fails if ``key`` is not found from ``dictionary``.</doc>
<status status="PASS" start="2026-04-14T08:51:08.926730" elapsed="0.000246"/>
</kw>
<var name="${campo}">email</var>
<status status="PASS" start="2026-04-14T08:51:08.926603" elapsed="0.000430"/>
</iter>
<iter>
<kw name="Dictionary Should Contain Key" owner="Collections">
<arg>${json}</arg>
<arg>${campo}</arg>
<doc>Fails if ``key`` is not found from ``dictionary``.</doc>
<status status="PASS" start="2026-04-14T08:51:08.927247" elapsed="0.000187"/>
</kw>
<var name="${campo}">password</var>
<status status="PASS" start="2026-04-14T08:51:08.927151" elapsed="0.000327"/>
</iter>
<var>${campo}</var>
<value>@{campos}</value>
<status status="PASS" start="2026-04-14T08:51:08.926401" elapsed="0.001110"/>
</for>
<arg>${response.json()}</arg>
<arg>email</arg>
<arg>password</arg>
<status status="PASS" start="2026-04-14T08:51:08.925539" elapsed="0.002030"/>
</kw>
<status status="PASS" start="2026-04-14T08:51:08.724314" elapsed="0.203641"/>
</test>
<test id="s1-s2-t7" name="Cenário 06: Validar resposta de erro no login inválido" line="45">
<kw name="Gerar Dados de Usuario Completo" owner="data_factory">
<kw name="Name" owner="FakerLibrary">
<msg time="2026-04-14T08:51:08.929964" level="INFO">${nome} = Sabrina Vasconcelos</msg>
<var>${nome}</var>
<doc>:example: 'John Doe'</doc>
<status status="PASS" start="2026-04-14T08:51:08.929794" elapsed="0.000199"/>
</kw>
<kw name="Free Email" owner="FakerLibrary">
<msg time="2026-04-14T08:51:08.930230" level="INFO">${email} = camargorael@uol.com.br</msg>
<var>${email}</var>
<status status="PASS" start="2026-04-14T08:51:08.930085" elapsed="0.000193"/>
</kw>
<kw name="Password" owner="FakerLibrary">
<msg time="2026-04-14T08:51:08.930556" level="INFO">${senha} = ^5_3&amp;ZhP</msg>
<var>${senha}</var>
<arg>length=8</arg>
<doc>Generate a random password of the specified ``length``.</doc>
<status status="PASS" start="2026-04-14T08:51:08.930358" elapsed="0.000218"/>
</kw>
<kw name="Create Dictionary" owner="BuiltIn">
<msg time="2026-04-14T08:51:08.931041" level="INFO">&amp;{usuario} = { nome=Sabrina Vasconcelos | email=camargorael@uol.com.br | password=^5_3&amp;ZhP | administrador=true }</msg>
<var>&amp;{usuario}</var>
<arg>nome=${nome}</arg>
<arg>email=${email}</arg>
<arg>password=${senha}</arg>
<arg>administrador=true</arg>
<doc>Creates and returns a dictionary based on the given ``items``.</doc>
<status status="PASS" start="2026-04-14T08:51:08.930674" elapsed="0.000387"/>
</kw>
<return>
<value>&amp;{usuario}</value>
<status status="PASS" start="2026-04-14T08:51:08.931104" elapsed="0.000031"/>
</return>
<msg time="2026-04-14T08:51:08.931235" level="INFO">${user_fake} = {'nome': 'Sabrina Vasconcelos', 'email': 'camargorael@uol.com.br', 'password': '^5_3&amp;ZhP', 'administrador': 'true'}</msg>
<var>${user_fake}</var>
<status status="PASS" start="2026-04-14T08:51:08.929545" elapsed="0.001708"/>
</kw>
<kw name="Fazer Login Request" owner="base_api">
<kw name="Create Dictionary" owner="BuiltIn">
<msg time="2026-04-14T08:51:08.932674" level="INFO">${payload} = {'email': 'camargorael@uol.com.br', 'password': '^5_3&amp;ZhP'}</msg>
<var>${payload}</var>
<arg>email=${usuario['email']}</arg>
<arg>password=${usuario['password']}</arg>
<doc>Creates and returns a dictionary based on the given ``items``.</doc>
<status status="PASS" start="2026-04-14T08:51:08.932024" elapsed="0.000671"/>
</kw>
<kw name="POST Endpoint" owner="base_api">
<kw name="POST On Session" owner="RequestsLibrary">
<msg time="2026-04-14T08:51:09.123833" level="INFO">POST Request : url=https://serverest.dev/login 
 path_url=/login 
 headers={'Content-Length': '59', 'Content-Type': 'application/json'} 
 body=b'{"email": "camargorael@uol.com.br", "password": "^5_3&amp;ZhP"}' 
 </msg>
<msg time="2026-04-14T08:51:09.123991" level="INFO">POST Response : url=https://serverest.dev/login 
 status=401, reason=Unauthorized 
 headers={'access-control-allow-origin': '*', 'x-dns-prefetch-control': 'off', 'x-frame-options': 'SAMEORIGIN', 'strict-transport-security': 'max-age=15552000; includeSubDomains', 'x-download-options': 'noopen', 'x-content-type-options': 'nosniff', 'x-xss-protection': '1; mode=block', 'content-type': 'application/json; charset=utf-8', 'x-cloud-trace-context': 'ae5b8aec7b5a5b7174c5e038e85e30f6', 'date': 'Tue, 14 Apr 2026 11:51:09 GMT', 'server': 'Google Frontend', 'Content-Length': '48'} 
 body={
    "message": "Email e/ou senha inválidos"
} 
 </msg>
<msg time="2026-04-14T08:51:09.124207" level="INFO">${response} = &lt;Response [401]&gt;</msg>
<var>${response}</var>
<arg>serverest</arg>
<arg>${endpoint}</arg>
<arg>json=${body}</arg>
<arg>headers=${headers}</arg>
<arg>expected_status=any</arg>
<doc>Sends a POST request on a previously created HTTP Session.</doc>
<status status="PASS" start="2026-04-14T08:51:08.933164" elapsed="0.191087"/>
</kw>
<return>
<value>${response}</value>
<status status="PASS" start="2026-04-14T08:51:09.124379" elapsed="0.000068"/>
</return>
<msg time="2026-04-14T08:51:09.124696" level="INFO">${response} = &lt;Response [401]&gt;</msg>
<var>${response}</var>
<arg>/login</arg>
<arg>${payload}</arg>
<status status="PASS" start="2026-04-14T08:51:08.932794" elapsed="0.191943"/>
</kw>
<return>
<value>${response}</value>
<status status="PASS" start="2026-04-14T08:51:09.124814" elapsed="0.000036"/>
</return>
<msg time="2026-04-14T08:51:09.125018" level="INFO">${response} = &lt;Response [401]&gt;</msg>
<var>${response}</var>
<arg>${user_fake}</arg>
<status status="PASS" start="2026-04-14T08:51:08.931798" elapsed="0.193255"/>
</kw>
<kw name="Should Be Equal As Integers" owner="BuiltIn">
<msg time="2026-04-14T08:51:09.127129" level="INFO">Argument types are:
&lt;class 'int'&gt;
&lt;class 'str'&gt;</msg>
<arg>${response.status_code}</arg>
<arg>401</arg>
<doc>Fails if objects are unequal after converting them to integers.</doc>
<status status="PASS" start="2026-04-14T08:51:09.125893" elapsed="0.001340"/>
</kw>
<kw name="Validar Chaves do JSON" owner="base_api">
<for flavor="IN">
<iter>
<kw name="Dictionary Should Contain Key" owner="Collections">
<arg>${json}</arg>
<arg>${campo}</arg>
<doc>Fails if ``key`` is not found from ``dictionary``.</doc>
<status status="PASS" start="2026-04-14T08:51:09.129499" elapsed="0.000324"/>
</kw>
<var name="${campo}">message</var>
<status status="PASS" start="2026-04-14T08:51:09.129325" elapsed="0.000594"/>
</iter>
<var>${campo}</var>
<value>@{campos}</value>
<status status="PASS" start="2026-04-14T08:51:09.129063" elapsed="0.000918"/>
</for>
<arg>${response.json()}</arg>
<arg>message</arg>
<status status="PASS" start="2026-04-14T08:51:09.127695" elapsed="0.002394"/>
</kw>
<kw name="Should Not Be Empty" owner="BuiltIn">
<msg time="2026-04-14T08:51:09.132001" level="INFO">Length is 26.</msg>
<arg>${response.json()['message']}</arg>
<doc>Verifies that the given item is not empty.</doc>
<status status="PASS" start="2026-04-14T08:51:09.130809" elapsed="0.001289"/>
</kw>
<kw name="Dictionary Should Not Contain Key" owner="Collections">
<arg>${response.json()}</arg>
<arg>authorization</arg>
<doc>Fails if ``key`` is found from ``dictionary``.</doc>
<status status="PASS" start="2026-04-14T08:51:09.132900" elapsed="0.000751"/>
</kw>
<status status="PASS" start="2026-04-14T08:51:08.928762" elapsed="0.205537"/>
</test>
<doc>Testes de Login</doc>
<status status="FAIL" start="2026-04-14T08:51:06.718718" elapsed="2.417056"/>
</suite>
<suite id="s1-s3" name="Produtos" source="C:\Users\vidal\Downloads\QE-AIR-Compass-Leticia-Vidal\Documentos\Fase-2\Sprint-4\semana-8\tests\produtos.robot">
<kw name="Criar Sessao API" owner="base_api" type="SETUP">
<kw name="Create Session" owner="RequestsLibrary">
<msg time="2026-04-14T08:51:09.141734" level="INFO">Creating Session using : alias=serverest, url=https://serverest.dev, headers={},                     cookies={}, auth=None, timeout=None, proxies=None, verify=False,                     debug=0 </msg>
<arg>serverest</arg>
<arg>${BASE_URL}</arg>
<arg>disable_warnings=True</arg>
<doc>Create Session: create a HTTP session to a server</doc>
<status status="PASS" start="2026-04-14T08:51:09.141565" elapsed="0.000298"/>
</kw>
<status status="PASS" start="2026-04-14T08:51:09.141423" elapsed="0.000488"/>
</kw>
<test id="s1-s3-t1" name="Cenário 01: Cadastrar produto com sucesso como Admin (CT14)" line="11">
<kw name="Gerar Dados de Produto Realista" owner="data_factory">
<kw name="Word" owner="FakerLibrary">
<msg time="2026-04-14T08:51:09.142891" level="INFO">${nome_p} = maxime</msg>
<var>${nome_p}</var>
<doc>Generate a word.</doc>
<status status="PASS" start="2026-04-14T08:51:09.142758" elapsed="0.000154"/>
</kw>
<kw name="Random Int" owner="FakerLibrary">
<msg time="2026-04-14T08:51:09.143243" level="INFO">${preco} = 4364</msg>
<var>${preco}</var>
<arg>min=10</arg>
<arg>max=5000</arg>
<doc>Generate a random integer between two integers ``min`` and ``max`` inclusive
while observing the provided ``step`` value.</doc>
<status status="PASS" start="2026-04-14T08:51:09.143061" elapsed="0.000200"/>
</kw>
<kw name="Sentence" owner="FakerLibrary">
<msg time="2026-04-14T08:51:09.143437" level="INFO">${desc} = Omnis quidem magnam laboriosam.</msg>
<var>${desc}</var>
<doc>Generate a sentence.</doc>
<status status="PASS" start="2026-04-14T08:51:09.143329" elapsed="0.000124"/>
</kw>
<kw name="Create Dictionary" owner="BuiltIn">
<msg time="2026-04-14T08:51:09.144561" level="INFO">&amp;{produto} = { nome=Prod maxime 4364 | preco=4364 | descricao=Omnis quidem magnam laboriosam. | quantidade=100 }</msg>
<var>&amp;{produto}</var>
<arg>nome=Prod ${nome_p} ${preco}</arg>
<arg>preco=${preco}</arg>
<arg>descricao=${desc}</arg>
<arg>quantidade=${quantidade}</arg>
<doc>Creates and returns a dictionary based on the given ``items``.</doc>
<status status="PASS" start="2026-04-14T08:51:09.143527" elapsed="0.001106"/>
</kw>
<return>
<value>&amp;{produto}</value>
<status status="PASS" start="2026-04-14T08:51:09.144802" elapsed="0.000062"/>
</return>
<msg time="2026-04-14T08:51:09.145102" level="INFO">${produto} = {'nome': 'Prod maxime 4364', 'preco': 4364, 'descricao': 'Omnis quidem magnam laboriosam.', 'quantidade': '100'}</msg>
<var>${produto}</var>
<status status="PASS" start="2026-04-14T08:51:09.142552" elapsed="0.002576"/>
</kw>
<kw name="Criar Produto" owner="produtos">
<kw name="Criar Header Autorizado" owner="base_api">
<if>
<branch type="IF" condition="'${token_custom}' == '${EMPTY}'">
<kw name="Garantir Token Valido" owner="base_api">
<kw name="Run Keyword If" owner="BuiltIn">
<kw name="Fazer Novo Login Admin" owner="base_api">
<kw name="Gerar Dados de Usuario Completo" owner="data_factory">
<kw name="Name" owner="FakerLibrary">
<msg time="2026-04-14T08:51:09.148056" level="INFO">${nome} = Isabel Dias</msg>
<var>${nome}</var>
<doc>:example: 'John Doe'</doc>
<status status="PASS" start="2026-04-14T08:51:09.147935" elapsed="0.000142"/>
</kw>
<kw name="Free Email" owner="FakerLibrary">
<msg time="2026-04-14T08:51:09.148237" level="INFO">${email} = zjesus@outlook.com.br</msg>
<var>${email}</var>
<status status="PASS" start="2026-04-14T08:51:09.148141" elapsed="0.000111"/>
</kw>
<kw name="Password" owner="FakerLibrary">
<msg time="2026-04-14T08:51:09.148429" level="INFO">${senha} = txI@7jBx</msg>
<var>${senha}</var>
<arg>length=8</arg>
<doc>Generate a random password of the specified ``length``.</doc>
<status status="PASS" start="2026-04-14T08:51:09.148304" elapsed="0.000141"/>
</kw>
<kw name="Create Dictionary" owner="BuiltIn">
<msg time="2026-04-14T08:51:09.148765" level="INFO">&amp;{usuario} = { nome=Isabel Dias | email=zjesus@outlook.com.br | password=txI@7jBx | administrador=true }</msg>
<var>&amp;{usuario}</var>
<arg>nome=${nome}</arg>
<arg>email=${email}</arg>
<arg>password=${senha}</arg>
<arg>administrador=true</arg>
<doc>Creates and returns a dictionary based on the given ``items``.</doc>
<status status="PASS" start="2026-04-14T08:51:09.148509" elapsed="0.000272"/>
</kw>
<return>
<value>&amp;{usuario}</value>
<status status="PASS" start="2026-04-14T08:51:09.148813" elapsed="0.000022"/>
</return>
<msg time="2026-04-14T08:51:09.148916" level="INFO">${user} = {'nome': 'Isabel Dias', 'email': 'zjesus@outlook.com.br', 'password': 'txI@7jBx', 'administrador': 'true'}</msg>
<var>${user}</var>
<status status="PASS" start="2026-04-14T08:51:09.147753" elapsed="0.001177"/>
</kw>
<kw name="POST Endpoint" owner="base_api">
<kw name="POST On Session" owner="RequestsLibrary">
<msg time="2026-04-14T08:51:09.575116" level="INFO">POST Request : url=https://serverest.dev/usuarios 
 path_url=/usuarios 
 headers={'Content-Length': '106', 'Content-Type': 'application/json'} 
 body=b'{"nome": "Isabel Dias", "email": "zjesus@outlook.com.br", "password": "txI@7jBx", "administrador": "true"}' 
 </msg>
<msg time="2026-04-14T08:51:09.575205" level="INFO">POST Response : url=https://serverest.dev/usuarios 
 status=201, reason=Created 
 headers={'access-control-allow-origin': '*', 'x-dns-prefetch-control': 'off', 'x-frame-options': 'SAMEORIGIN', 'strict-transport-security': 'max-age=15552000; includeSubDomains', 'x-download-options': 'noopen', 'x-content-type-options': 'nosniff', 'x-xss-protection': '1; mode=block', 'content-type': 'application/json; charset=utf-8', 'x-cloud-trace-context': 'ffc451952c453fbb12d8f5d77f5f4b62', 'date': 'Tue, 14 Apr 2026 11:51:09 GMT', 'server': 'Google Frontend', 'Content-Length': '82'} 
 body={
    "message": "Cadastro realizado com sucesso",
    "_id": "SrVUTXqQclZgwc65"
} 
 </msg>
<msg time="2026-04-14T08:51:09.575307" level="INFO">${response} = &lt;Response [201]&gt;</msg>
<var>${response}</var>
<arg>serverest</arg>
<arg>${endpoint}</arg>
<arg>json=${body}</arg>
<arg>headers=${headers}</arg>
<arg>expected_status=any</arg>
<doc>Sends a POST request on a previously created HTTP Session.</doc>
<status status="PASS" start="2026-04-14T08:51:09.149420" elapsed="0.425903"/>
</kw>
<return>
<value>${response}</value>
<status status="PASS" start="2026-04-14T08:51:09.575385" elapsed="0.000036"/>
</return>
<arg>/usuarios</arg>
<arg>${user}</arg>
<status status="PASS" start="2026-04-14T08:51:09.149048" elapsed="0.426456"/>
</kw>
<kw name="Fazer Login e Obter Token" owner="base_api">
<kw name="Fazer Login Request" owner="base_api">
<kw name="Create Dictionary" owner="BuiltIn">
<msg time="2026-04-14T08:51:09.576745" level="INFO">${payload} = {'email': 'zjesus@outlook.com.br', 'password': 'txI@7jBx'}</msg>
<var>${payload}</var>
<arg>email=${usuario['email']}</arg>
<arg>password=${usuario['password']}</arg>
<doc>Creates and returns a dictionary based on the given ``items``.</doc>
<status status="PASS" start="2026-04-14T08:51:09.576055" elapsed="0.000713"/>
</kw>
<kw name="POST Endpoint" owner="base_api">
<kw name="POST On Session" owner="RequestsLibrary">
<msg time="2026-04-14T08:51:09.783352" level="INFO">POST Request : url=https://serverest.dev/login 
 path_url=/login 
 headers={'Content-Length': '58', 'Content-Type': 'application/json'} 
 body=b'{"email": "zjesus@outlook.com.br", "password": "txI@7jBx"}' 
 </msg>
<msg time="2026-04-14T08:51:09.783497" level="INFO">POST Response : url=https://serverest.dev/login 
 status=200, reason=OK 
 headers={'access-control-allow-origin': '*', 'x-dns-prefetch-control': 'off', 'x-frame-options': 'SAMEORIGIN', 'strict-transport-security': 'max-age=15552000; includeSubDomains', 'x-download-options': 'noopen', 'x-content-type-options': 'nosniff', 'x-xss-protection': '1; mode=block', 'content-type': 'application/json; charset=utf-8', 'x-cloud-trace-context': '05d736f61abdc5c512d8f5d77f5f4984', 'date': 'Tue, 14 Apr 2026 11:51:09 GMT', 'server': 'Google Frontend', 'Content-Length': '280'} 
 body={
    "message": "Login realizado com sucesso",
    "authorization": "Bearer eyJhbGciOiJIUzI1NiIsInR5cCI6IkpXVCJ9.eyJlbWFpbCI6InpqZXN1c0BvdXRsb29rLmNvbS5iciIsInBhc3N3b3JkIjoidHhJQDdqQngiLCJpYXQiOjE3NzYxNjc0NjksImV4cCI6MTc3NjE2ODA2OX0.2Ey2WCHfiAOwq6Sft1V5RTfE_U9UJ3wFMuXmIKtKmHw"
} 
 </msg>
<msg time="2026-04-14T08:51:09.783680" level="INFO">${response} = &lt;Response [200]&gt;</msg>
<var>${response}</var>
<arg>serverest</arg>
<arg>${endpoint}</arg>
<arg>json=${body}</arg>
<arg>headers=${headers}</arg>
<arg>expected_status=any</arg>
<doc>Sends a POST request on a previously created HTTP Session.</doc>
<status status="PASS" start="2026-04-14T08:51:09.577271" elapsed="0.206440"/>
</kw>
<return>
<value>${response}</value>
<status status="PASS" start="2026-04-14T08:51:09.783836" elapsed="0.000051"/>
</return>
<msg time="2026-04-14T08:51:09.784046" level="INFO">${response} = &lt;Response [200]&gt;</msg>
<var>${response}</var>
<arg>/login</arg>
<arg>${payload}</arg>
<status status="PASS" start="2026-04-14T08:51:09.576882" elapsed="0.207194"/>
</kw>
<return>
<value>${response}</value>
<status status="PASS" start="2026-04-14T08:51:09.784129" elapsed="0.000029"/>
</return>
<msg time="2026-04-14T08:51:09.784288" level="INFO">${response} = &lt;Response [200]&gt;</msg>
<var>${response}</var>
<arg>${usuario}</arg>
<status status="PASS" start="2026-04-14T08:51:09.575877" elapsed="0.208437"/>
</kw>
<kw name="Should Be Equal As Integers" owner="BuiltIn">
<msg time="2026-04-14T08:51:09.785268" level="INFO">Argument types are:
&lt;class 'int'&gt;
&lt;class 'str'&gt;</msg>
<arg>${response.status_code}</arg>
<arg>200</arg>
<doc>Fails if objects are unequal after converting them to integers.</doc>
<status status="PASS" start="2026-04-14T08:51:09.784490" elapsed="0.000862"/>
</kw>
<kw name="Set Variable" owner="BuiltIn">
<msg time="2026-04-14T08:51:09.786278" level="INFO">${token} = Bearer eyJhbGciOiJIUzI1NiIsInR5cCI6IkpXVCJ9.eyJlbWFpbCI6InpqZXN1c0BvdXRsb29rLmNvbS5iciIsInBhc3N3b3JkIjoidHhJQDdqQngiLCJpYXQiOjE3NzYxNjc0NjksImV4cCI6MTc3NjE2ODA2OX0.2Ey2WCHfiAOwq6Sft1V5RTfE_U9UJ3wFMuXm...</msg>
<var>${token}</var>
<arg>${response.json()['authorization']}</arg>
<doc>Returns the given values which can then be assigned to a variables.</doc>
<status status="PASS" start="2026-04-14T08:51:09.785521" elapsed="0.000835"/>
</kw>
<return>
<value>${token}</value>
<status status="PASS" start="2026-04-14T08:51:09.786449" elapsed="0.000045"/>
</return>
<msg time="2026-04-14T08:51:09.786663" level="INFO">${token} = Bearer eyJhbGciOiJIUzI1NiIsInR5cCI6IkpXVCJ9.eyJlbWFpbCI6InpqZXN1c0BvdXRsb29rLmNvbS5iciIsInBhc3N3b3JkIjoidHhJQDdqQngiLCJpYXQiOjE3NzYxNjc0NjksImV4cCI6MTc3NjE2ODA2OX0.2Ey2WCHfiAOwq6Sft1V5RTfE_U9UJ3wFMuXm...</msg>
<var>${token}</var>
<arg>${user}</arg>
<status status="PASS" start="2026-04-14T08:51:09.575651" elapsed="0.211044"/>
</kw>
<kw name="Set Suite Variable" owner="BuiltIn">
<msg time="2026-04-14T08:51:09.787295" level="INFO">${TOKEN} = Bearer eyJhbGciOiJIUzI1NiIsInR5cCI6IkpXVCJ9.eyJlbWFpbCI6InpqZXN1c0BvdXRsb29rLmNvbS5iciIsInBhc3N3b3JkIjoidHhJQDdqQngiLCJpYXQiOjE3NzYxNjc0NjksImV4cCI6MTc3NjE2ODA2OX0.2Ey2WCHfiAOwq6Sft1V5RTfE_U9UJ3wFMuXm...</msg>
<arg>${TOKEN}</arg>
<arg>${token}</arg>
<doc>Makes a variable available everywhere within the scope of the current suite.</doc>
<status status="PASS" start="2026-04-14T08:51:09.786850" elapsed="0.000499"/>
</kw>
<status status="PASS" start="2026-04-14T08:51:09.147602" elapsed="0.639812"/>
</kw>
<arg>'${TOKEN}' == ''</arg>
<arg>Fazer Novo Login Admin</arg>
<doc>Runs the given keyword with the given arguments, if ``condition`` is true.</doc>
<status status="PASS" start="2026-04-14T08:51:09.147246" elapsed="0.640208"/>
</kw>
<status status="PASS" start="2026-04-14T08:51:09.147087" elapsed="0.640418"/>
</kw>
<kw name="Create Dictionary" owner="BuiltIn">
<msg time="2026-04-14T08:51:09.788014" level="INFO">${headers} = {'Authorization': 'Bearer eyJhbGciOiJIUzI1NiIsInR5cCI6IkpXVCJ9.eyJlbWFpbCI6InpqZXN1c0BvdXRsb29rLmNvbS5iciIsInBhc3N3b3JkIjoidHhJQDdqQngiLCJpYXQiOjE3NzYxNjc0NjksImV4cCI6MTc3NjE2ODA2OX0.2Ey2WCHfiAOwq6Sft...</msg>
<var>${headers}</var>
<arg>Authorization=${TOKEN}</arg>
<doc>Creates and returns a dictionary based on the given ``items``.</doc>
<status status="PASS" start="2026-04-14T08:51:09.787630" elapsed="0.000418"/>
</kw>
<status status="PASS" start="2026-04-14T08:51:09.146723" elapsed="0.641370"/>
</branch>
<branch type="ELSE">
<kw name="Create Dictionary" owner="BuiltIn">
<var>${headers}</var>
<arg>Authorization=${token_custom}</arg>
<doc>Creates and returns a dictionary based on the given ``items``.</doc>
<status status="NOT RUN" start="2026-04-14T08:51:09.788263" elapsed="0.000021"/>
</kw>
<status status="NOT RUN" start="2026-04-14T08:51:09.788135" elapsed="0.000189"/>
</branch>
<status status="PASS" start="2026-04-14T08:51:09.146698" elapsed="0.641650"/>
</if>
<return>
<value>${headers}</value>
<status status="PASS" start="2026-04-14T08:51:09.788387" elapsed="0.000041"/>
</return>
<msg time="2026-04-14T08:51:09.788553" level="INFO">${headers} = {'Authorization': 'Bearer eyJhbGciOiJIUzI1NiIsInR5cCI6IkpXVCJ9.eyJlbWFpbCI6InpqZXN1c0BvdXRsb29rLmNvbS5iciIsInBhc3N3b3JkIjoidHhJQDdqQngiLCJpYXQiOjE3NzYxNjc0NjksImV4cCI6MTc3NjE2ODA2OX0.2Ey2WCHfiAOwq6Sft...</msg>
<var>${headers}</var>
<status status="PASS" start="2026-04-14T08:51:09.146154" elapsed="0.642426"/>
</kw>
<kw name="POST Endpoint" owner="base_api">
<kw name="POST On Session" owner="RequestsLibrary">
<msg time="2026-04-14T08:51:09.989655" level="INFO">POST Request : url=https://serverest.dev/produtos 
 path_url=/produtos 
 headers={'User-Agent': 'python-requests/2.32.5', 'Accept-Encoding': 'gzip, deflate, zstd', 'Accept': '*/*', 'Connection': 'keep-alive', 'Authorization': 'Bearer eyJhbGciOiJIUzI1NiIsInR5cCI6IkpXVCJ9.eyJlbWFpbCI6InpqZXN1c0BvdXRsb29rLmNvbS5iciIsInBhc3N3b3JkIjoidHhJQDdqQngiLCJpYXQiOjE3NzYxNjc0NjksImV4cCI6MTc3NjE2ODA2OX0.2Ey2WCHfiAOwq6Sft1V5RTfE_U9UJ3wFMuXmIKtKmHw', 'Content-Length': '112', 'Content-Type': 'application/json'} 
 body=b'{"nome": "Prod maxime 4364", "preco": 4364, "descricao": "Omnis quidem magnam laboriosam.", "quantidade": "100"}' 
 </msg>
<msg time="2026-04-14T08:51:09.989737" level="INFO">POST Response : url=https://serverest.dev/produtos 
 status=201, reason=Created 
 headers={'access-control-allow-origin': '*', 'x-dns-prefetch-control': 'off', 'x-frame-options': 'SAMEORIGIN', 'strict-transport-security': 'max-age=15552000; includeSubDomains', 'x-download-options': 'noopen', 'x-content-type-options': 'nosniff', 'x-xss-protection': '1; mode=block', 'content-type': 'application/json; charset=utf-8', 'x-cloud-trace-context': '6cc6ada5c422189b12d8f5d77f5f4c24', 'date': 'Tue, 14 Apr 2026 11:51:09 GMT', 'server': 'Google Frontend', 'Content-Length': '82'} 
 body={
    "message": "Cadastro realizado com sucesso",
    "_id": "RFMT1ucFMErGq3sV"
} 
 </msg>
<msg time="2026-04-14T08:51:09.989847" level="INFO">${response} = &lt;Response [201]&gt;</msg>
<var>${response}</var>
<arg>serverest</arg>
<arg>${endpoint}</arg>
<arg>json=${body}</arg>
<arg>headers=${headers}</arg>
<arg>expected_status=any</arg>
<doc>Sends a POST request on a previously created HTTP Session.</doc>
<status status="PASS" start="2026-04-14T08:51:09.789056" elapsed="0.200812"/>
</kw>
<return>
<value>${response}</value>
<status status="PASS" start="2026-04-14T08:51:09.989939" elapsed="0.000034"/>
</return>
<msg time="2026-04-14T08:51:09.990083" level="INFO">${response} = &lt;Response [201]&gt;</msg>
<var>${response}</var>
<arg>/produtos</arg>
<arg>${produto}</arg>
<arg>${headers}</arg>
<status status="PASS" start="2026-04-14T08:51:09.788731" elapsed="0.201371"/>
</kw>
<return>
<value>${response}</value>
<status status="PASS" start="2026-04-14T08:51:09.990140" elapsed="0.000019"/>
</return>
<msg time="2026-04-14T08:51:09.990243" level="INFO">${response} = &lt;Response [201]&gt;</msg>
<var>${response}</var>
<arg>${produto}</arg>
<status status="PASS" start="2026-04-14T08:51:09.145497" elapsed="0.844763"/>
</kw>
<kw name="Validar Resposta 201 Produto" owner="produtos">
<kw name="Should Be Equal As Integers" owner="BuiltIn">
<msg time="2026-04-14T08:51:09.991333" level="INFO">Argument types are:
&lt;class 'int'&gt;
&lt;class 'str'&gt;</msg>
<arg>${response.status_code}</arg>
<arg>201</arg>
<doc>Fails if objects are unequal after converting them to integers.</doc>
<status status="PASS" start="2026-04-14T08:51:09.990919" elapsed="0.000456"/>
</kw>
<kw name="Validar Chaves do JSON" owner="base_api">
<for flavor="IN">
<iter>
<kw name="Dictionary Should Contain Key" owner="Collections">
<arg>${json}</arg>
<arg>${campo}</arg>
<doc>Fails if ``key`` is not found from ``dictionary``.</doc>
<status status="PASS" start="2026-04-14T08:51:09.992010" elapsed="0.000121"/>
</kw>
<var name="${campo}">_id</var>
<status status="PASS" start="2026-04-14T08:51:09.991944" elapsed="0.000220"/>
</iter>
<iter>
<kw name="Dictionary Should Contain Key" owner="Collections">
<arg>${json}</arg>
<arg>${campo}</arg>
<doc>Fails if ``key`` is not found from ``dictionary``.</doc>
<status status="PASS" start="2026-04-14T08:51:09.992302" elapsed="0.000118"/>
</kw>
<var name="${campo}">message</var>
<status status="PASS" start="2026-04-14T08:51:09.992241" elapsed="0.000207"/>
</iter>
<var>${campo}</var>
<value>@{campos}</value>
<status status="PASS" start="2026-04-14T08:51:09.991854" elapsed="0.000615"/>
</for>
<arg>${response.json()}</arg>
<arg>_id</arg>
<arg>message</arg>
<status status="PASS" start="2026-04-14T08:51:09.991497" elapsed="0.001010"/>
</kw>
<kw name="Should Not Be Empty" owner="BuiltIn">
<msg time="2026-04-14T08:51:09.993020" level="INFO">Length is 16.</msg>
<arg>${response.json()['_id']}</arg>
<doc>Verifies that the given item is not empty.</doc>
<status status="PASS" start="2026-04-14T08:51:09.992580" elapsed="0.000479"/>
</kw>
<kw name="Should Not Be Empty" owner="BuiltIn">
<msg time="2026-04-14T08:51:09.993567" level="INFO">Length is 30.</msg>
<arg>${response.json()['message']}</arg>
<doc>Verifies that the given item is not empty.</doc>
<status status="PASS" start="2026-04-14T08:51:09.993152" elapsed="0.000451"/>
</kw>
<arg>${response}</arg>
<status status="PASS" start="2026-04-14T08:51:09.990674" elapsed="0.002996"/>
</kw>
<kw name="Set Variable" owner="BuiltIn">
<msg time="2026-04-14T08:51:09.994890" level="INFO">${ID_PRODUTO} = RFMT1ucFMErGq3sV</msg>
<var>${ID_PRODUTO}</var>
<arg>${response.json()['_id']}</arg>
<doc>Returns the given values which can then be assigned to a variables.</doc>
<status status="PASS" start="2026-04-14T08:51:09.994015" elapsed="0.000905"/>
</kw>
<kw name="GET Endpoint" owner="base_api">
<kw name="GET On Session" owner="RequestsLibrary">
<msg time="2026-04-14T08:51:10.186912" level="INFO">GET Request : url=https://serverest.dev/produtos/RFMT1ucFMErGq3sV 
 path_url=/produtos/RFMT1ucFMErGq3sV 
 headers={} 
 body=None 
 </msg>
<msg time="2026-04-14T08:51:10.187050" level="INFO">GET Response : url=https://serverest.dev/produtos/RFMT1ucFMErGq3sV 
 status=200, reason=OK 
 headers={'access-control-allow-origin': '*', 'x-dns-prefetch-control': 'off', 'x-frame-options': 'SAMEORIGIN', 'strict-transport-security': 'max-age=15552000; includeSubDomains', 'x-download-options': 'noopen', 'x-content-type-options': 'nosniff', 'x-xss-protection': '1; mode=block', 'content-type': 'application/json; charset=utf-8', 'x-cloud-trace-context': 'c5b65599a077a70c12d8f5d77f5f4ec4', 'date': 'Tue, 14 Apr 2026 11:51:10 GMT', 'server': 'Google Frontend', 'Content-Length': '159'} 
 body={
    "nome": "Prod maxime 4364",
    "preco": 4364,
    "descricao": "Omnis quidem magnam laboriosam.",
    "quantidade": 100,
    "_id": "RFMT1ucFMErGq3sV"
} 
 </msg>
<msg time="2026-04-14T08:51:10.187236" level="INFO">${response} = &lt;Response [200]&gt;</msg>
<var>${response}</var>
<arg>serverest</arg>
<arg>${endpoint}</arg>
<arg>headers=${headers}</arg>
<arg>expected_status=any</arg>
<doc>Sends a GET request on a previously created HTTP Session.</doc>
<status status="PASS" start="2026-04-14T08:51:09.995682" elapsed="0.191592"/>
</kw>
<return>
<value>${response}</value>
<status status="PASS" start="2026-04-14T08:51:10.187388" elapsed="0.000060"/>
</return>
<msg time="2026-04-14T08:51:10.187655" level="INFO">${get_response} = &lt;Response [200]&gt;</msg>
<var>${get_response}</var>
<arg>/produtos/${ID_PRODUTO}</arg>
<status status="PASS" start="2026-04-14T08:51:09.995203" elapsed="0.192488"/>
</kw>
<kw name="Should Be Equal As Integers" owner="BuiltIn">
<msg time="2026-04-14T08:51:10.189585" level="INFO">Argument types are:
&lt;class 'int'&gt;
&lt;class 'str'&gt;</msg>
<arg>${get_response.status_code}</arg>
<arg>200</arg>
<doc>Fails if objects are unequal after converting them to integers.</doc>
<status status="PASS" start="2026-04-14T08:51:10.188606" elapsed="0.001068"/>
</kw>
<kw name="Limpar Usuario Criado" owner="usuarios" type="TEARDOWN">
<kw name="Run Keyword If" owner="BuiltIn">
<arg>'${ID_USUARIO_CRIADO}' != '${EMPTY}'</arg>
<arg>Deletar Usuario</arg>
<arg>${ID_USUARIO_CRIADO}</arg>
<doc>Runs the given keyword with the given arguments, if ``condition`` is true.</doc>
<status status="PASS" start="2026-04-14T08:51:10.190941" elapsed="0.000790"/>
</kw>
<status status="PASS" start="2026-04-14T08:51:10.190611" elapsed="0.001201"/>
</kw>
<tag>admin</tag>
<tag>contrato</tag>
<tag>positivo</tag>
<status status="PASS" start="2026-04-14T08:51:09.141948" elapsed="1.050333"/>
</test>
<test id="s1-s3-t2" name="Cenário 02: Bloquear cadastro de produto por usuário comum (CT30)" line="25">
<kw name="Gerar Dados de Usuario Completo" owner="data_factory">
<kw name="Name" owner="FakerLibrary">
<msg time="2026-04-14T08:51:10.194363" level="INFO">${nome} = Laura Almeida</msg>
<var>${nome}</var>
<doc>:example: 'John Doe'</doc>
<status status="PASS" start="2026-04-14T08:51:10.194211" elapsed="0.000180"/>
</kw>
<kw name="Free Email" owner="FakerLibrary">
<msg time="2026-04-14T08:51:10.194821" level="INFO">${email} = ynovaes@yahoo.com.br</msg>
<var>${email}</var>
<status status="PASS" start="2026-04-14T08:51:10.194538" elapsed="0.000340"/>
</kw>
<kw name="Password" owner="FakerLibrary">
<msg time="2026-04-14T08:51:10.195210" level="INFO">${senha} = *I&amp;21Xe0</msg>
<var>${senha}</var>
<arg>length=8</arg>
<doc>Generate a random password of the specified ``length``.</doc>
<status status="PASS" start="2026-04-14T08:51:10.194993" elapsed="0.000239"/>
</kw>
<kw name="Create Dictionary" owner="BuiltIn">
<msg time="2026-04-14T08:51:10.195719" level="INFO">&amp;{usuario} = { nome=Laura Almeida | email=ynovaes@yahoo.com.br | password=*I&amp;21Xe0 | administrador=true }</msg>
<var>&amp;{usuario}</var>
<arg>nome=${nome}</arg>
<arg>email=${email}</arg>
<arg>password=${senha}</arg>
<arg>administrador=true</arg>
<doc>Creates and returns a dictionary based on the given ``items``.</doc>
<status status="PASS" start="2026-04-14T08:51:10.195327" elapsed="0.000418"/>
</kw>
<return>
<value>&amp;{usuario}</value>
<status status="PASS" start="2026-04-14T08:51:10.195801" elapsed="0.000031"/>
</return>
<msg time="2026-04-14T08:51:10.195947" level="INFO">${user} = {'nome': 'Laura Almeida', 'email': 'ynovaes@yahoo.com.br', 'password': '*I&amp;21Xe0', 'administrador': 'true'}</msg>
<var>${user}</var>
<status status="PASS" start="2026-04-14T08:51:10.193997" elapsed="0.001967"/>
</kw>
<kw name="Set To Dictionary" owner="Collections">
<arg>${user}</arg>
<arg>administrador=false</arg>
<doc>Adds the given ``key_value_pairs`` and/or ``items`` to the ``dictionary``.</doc>
<status status="PASS" start="2026-04-14T08:51:10.196220" elapsed="0.000222"/>
</kw>
<kw name="Criar Usuario E Validar Sucesso" owner="usuarios">
<kw name="Criar Usuario" owner="usuarios">
<kw name="POST Endpoint" owner="base_api">
<kw name="POST On Session" owner="RequestsLibrary">
<msg time="2026-04-14T08:51:10.392463" level="INFO">POST Request : url=https://serverest.dev/usuarios 
 path_url=/usuarios 
 headers={'Content-Length': '108', 'Content-Type': 'application/json'} 
 body=b'{"nome": "Laura Almeida", "email": "ynovaes@yahoo.com.br", "password": "*I&amp;21Xe0", "administrador": "false"}' 
 </msg>
<msg time="2026-04-14T08:51:10.392533" level="INFO">POST Response : url=https://serverest.dev/usuarios 
 status=201, reason=Created 
 headers={'access-control-allow-origin': '*', 'x-dns-prefetch-control': 'off', 'x-frame-options': 'SAMEORIGIN', 'strict-transport-security': 'max-age=15552000; includeSubDomains', 'x-download-options': 'noopen', 'x-content-type-options': 'nosniff', 'x-xss-protection': '1; mode=block', 'content-type': 'application/json; charset=utf-8', 'x-cloud-trace-context': '80be43d8c6e0878012d8f5d77f5f42c3', 'date': 'Tue, 14 Apr 2026 11:51:10 GMT', 'server': 'Google Frontend', 'Content-Length': '82'} 
 body={
    "message": "Cadastro realizado com sucesso",
    "_id": "3hpta5ubaFWuP6gi"
} 
 </msg>
<msg time="2026-04-14T08:51:10.392630" level="INFO">${response} = &lt;Response [201]&gt;</msg>
<var>${response}</var>
<arg>serverest</arg>
<arg>${endpoint}</arg>
<arg>json=${body}</arg>
<arg>headers=${headers}</arg>
<arg>expected_status=any</arg>
<doc>Sends a POST request on a previously created HTTP Session.</doc>
<status status="PASS" start="2026-04-14T08:51:10.197438" elapsed="0.195210"/>
</kw>
<return>
<value>${response}</value>
<status status="PASS" start="2026-04-14T08:51:10.392709" elapsed="0.000032"/>
</return>
<msg time="2026-04-14T08:51:10.392842" level="INFO">${response} = &lt;Response [201]&gt;</msg>
<var>${response}</var>
<arg>/usuarios</arg>
<arg>${usuario}</arg>
<status status="PASS" start="2026-04-14T08:51:10.197061" elapsed="0.195796"/>
</kw>
<return>
<value>${response}</value>
<status status="PASS" start="2026-04-14T08:51:10.392888" elapsed="0.000015"/>
</return>
<msg time="2026-04-14T08:51:10.392977" level="INFO">${response} = &lt;Response [201]&gt;</msg>
<var>${response}</var>
<arg>${usuario}</arg>
<status status="PASS" start="2026-04-14T08:51:10.196891" elapsed="0.196101"/>
</kw>
<kw name="Validar Resposta 201 E Registrar ID" owner="usuarios">
<kw name="Should Be Equal As Integers" owner="BuiltIn">
<msg time="2026-04-14T08:51:10.394115" level="INFO">Argument types are:
&lt;class 'int'&gt;
&lt;class 'str'&gt;</msg>
<arg>${response.status_code}</arg>
<arg>201</arg>
<doc>Fails if objects are unequal after converting them to integers.</doc>
<status status="PASS" start="2026-04-14T08:51:10.393340" elapsed="0.000912"/>
</kw>
<kw name="Validar Chaves do JSON" owner="base_api">
<for flavor="IN">
<iter>
<kw name="Dictionary Should Contain Key" owner="Collections">
<arg>${json}</arg>
<arg>${campo}</arg>
<doc>Fails if ``key`` is not found from ``dictionary``.</doc>
<status status="PASS" start="2026-04-14T08:51:10.395758" elapsed="0.000141"/>
</kw>
<var name="${campo}">_id</var>
<status status="PASS" start="2026-04-14T08:51:10.395683" elapsed="0.000254"/>
</iter>
<iter>
<kw name="Dictionary Should Contain Key" owner="Collections">
<arg>${json}</arg>
<arg>${campo}</arg>
<doc>Fails if ``key`` is not found from ``dictionary``.</doc>
<status status="PASS" start="2026-04-14T08:51:10.396054" elapsed="0.000111"/>
</kw>
<var name="${campo}">message</var>
<status status="PASS" start="2026-04-14T08:51:10.395997" elapsed="0.000195"/>
</iter>
<var>${campo}</var>
<value>@{campos}</value>
<status status="PASS" start="2026-04-14T08:51:10.395574" elapsed="0.000640"/>
</for>
<arg>${response.json()}</arg>
<arg>_id</arg>
<arg>message</arg>
<status status="PASS" start="2026-04-14T08:51:10.394589" elapsed="0.001663"/>
</kw>
<kw name="Get From Dictionary" owner="Collections">
<msg time="2026-04-14T08:51:10.396677" level="INFO">${id} = 3hpta5ubaFWuP6gi</msg>
<var>${id}</var>
<arg>${response.json()}</arg>
<arg>_id</arg>
<doc>Returns a value from the given ``dictionary`` based on the given ``key``.</doc>
<status status="PASS" start="2026-04-14T08:51:10.396329" elapsed="0.000369"/>
</kw>
<kw name="Should Not Be Empty" owner="BuiltIn">
<msg time="2026-04-14T08:51:10.397006" level="INFO">Length is 16.</msg>
<arg>${id}</arg>
<doc>Verifies that the given item is not empty.</doc>
<status status="PASS" start="2026-04-14T08:51:10.396776" elapsed="0.000266"/>
</kw>
<kw name="Set Test Variable" owner="BuiltIn">
<msg time="2026-04-14T08:51:10.397367" level="INFO">${ID_USUARIO_CRIADO} = 3hpta5ubaFWuP6gi</msg>
<arg>${ID_USUARIO_CRIADO}</arg>
<arg>${id}</arg>
<doc>Makes a variable available everywhere within the scope of the current test.</doc>
<status status="PASS" start="2026-04-14T08:51:10.397136" elapsed="0.000257"/>
</kw>
<arg>${response}</arg>
<status status="PASS" start="2026-04-14T08:51:10.393131" elapsed="0.004296"/>
</kw>
<return>
<value>${response}</value>
<status status="PASS" start="2026-04-14T08:51:10.397452" elapsed="0.000023"/>
</return>
<arg>${user}</arg>
<status status="PASS" start="2026-04-14T08:51:10.196659" elapsed="0.200871"/>
</kw>
<kw name="Fazer Login e Obter Token" owner="base_api">
<kw name="Fazer Login Request" owner="base_api">
<kw name="Create Dictionary" owner="BuiltIn">
<msg time="2026-04-14T08:51:10.399156" level="INFO">${payload} = {'email': 'ynovaes@yahoo.com.br', 'password': '*I&amp;21Xe0'}</msg>
<var>${payload}</var>
<arg>email=${usuario['email']}</arg>
<arg>password=${usuario['password']}</arg>
<doc>Creates and returns a dictionary based on the given ``items``.</doc>
<status status="PASS" start="2026-04-14T08:51:10.398535" elapsed="0.000645"/>
</kw>
<kw name="POST Endpoint" owner="base_api">
<kw name="POST On Session" owner="RequestsLibrary">
<msg time="2026-04-14T08:51:10.593143" level="INFO">POST Request : url=https://serverest.dev/login 
 path_url=/login 
 headers={'Content-Length': '57', 'Content-Type': 'application/json'} 
 body=b'{"email": "ynovaes@yahoo.com.br", "password": "*I&amp;21Xe0"}' 
 </msg>
<msg time="2026-04-14T08:51:10.593212" level="INFO">POST Response : url=https://serverest.dev/login 
 status=200, reason=OK 
 headers={'access-control-allow-origin': '*', 'x-dns-prefetch-control': 'off', 'x-frame-options': 'SAMEORIGIN', 'strict-transport-security': 'max-age=15552000; includeSubDomains', 'x-download-options': 'noopen', 'x-content-type-options': 'nosniff', 'x-xss-protection': '1; mode=block', 'content-type': 'application/json; charset=utf-8', 'x-cloud-trace-context': '1fe922c18c69bcd412d8f5d77f5f4d47', 'date': 'Tue, 14 Apr 2026 11:51:10 GMT', 'server': 'Google Frontend', 'Content-Length': '279'} 
 body={
    "message": "Login realizado com sucesso",
    "authorization": "Bearer eyJhbGciOiJIUzI1NiIsInR5cCI6IkpXVCJ9.eyJlbWFpbCI6Inlub3ZhZXNAeWFob28uY29tLmJyIiwicGFzc3dvcmQiOiIqSSYyMVhlMCIsImlhdCI6MTc3NjE2NzQ3MCwiZXhwIjoxNzc2MTY4MDcwfQ.a_FGskpfEBMvmbCSxkginNgB_eMMR4VnmFvgVfPy7oY"
} 
 </msg>
<msg time="2026-04-14T08:51:10.593301" level="INFO">${response} = &lt;Response [200]&gt;</msg>
<var>${response}</var>
<arg>serverest</arg>
<arg>${endpoint}</arg>
<arg>json=${body}</arg>
<arg>headers=${headers}</arg>
<arg>expected_status=any</arg>
<doc>Sends a POST request on a previously created HTTP Session.</doc>
<status status="PASS" start="2026-04-14T08:51:10.399692" elapsed="0.193625"/>
</kw>
<return>
<value>${response}</value>
<status status="PASS" start="2026-04-14T08:51:10.593372" elapsed="0.000031"/>
</return>
<msg time="2026-04-14T08:51:10.593492" level="INFO">${response} = &lt;Response [200]&gt;</msg>
<var>${response}</var>
<arg>/login</arg>
<arg>${payload}</arg>
<status status="PASS" start="2026-04-14T08:51:10.399297" elapsed="0.194210"/>
</kw>
<return>
<value>${response}</value>
<status status="PASS" start="2026-04-14T08:51:10.593537" elapsed="0.000014"/>
</return>
<msg time="2026-04-14T08:51:10.593615" level="INFO">${response} = &lt;Response [200]&gt;</msg>
<var>${response}</var>
<arg>${usuario}</arg>
<status status="PASS" start="2026-04-14T08:51:10.398358" elapsed="0.195271"/>
</kw>
<kw name="Should Be Equal As Integers" owner="BuiltIn">
<msg time="2026-04-14T08:51:10.594124" level="INFO">Argument types are:
&lt;class 'int'&gt;
&lt;class 'str'&gt;</msg>
<arg>${response.status_code}</arg>
<arg>200</arg>
<doc>Fails if objects are unequal after converting them to integers.</doc>
<status status="PASS" start="2026-04-14T08:51:10.593719" elapsed="0.000444"/>
</kw>
<kw name="Set Variable" owner="BuiltIn">
<msg time="2026-04-14T08:51:10.594857" level="INFO">${token} = Bearer eyJhbGciOiJIUzI1NiIsInR5cCI6IkpXVCJ9.eyJlbWFpbCI6Inlub3ZhZXNAeWFob28uY29tLmJyIiwicGFzc3dvcmQiOiIqSSYyMVhlMCIsImlhdCI6MTc3NjE2NzQ3MCwiZXhwIjoxNzc2MTY4MDcwfQ.a_FGskpfEBMvmbCSxkginNgB_eMMR4VnmFvgV...</msg>
<var>${token}</var>
<arg>${response.json()['authorization']}</arg>
<doc>Returns the given values which can then be assigned to a variables.</doc>
<status status="PASS" start="2026-04-14T08:51:10.594264" elapsed="0.000619"/>
</kw>
<return>
<value>${token}</value>
<status status="PASS" start="2026-04-14T08:51:10.594922" elapsed="0.000024"/>
</return>
<msg time="2026-04-14T08:51:10.595023" level="INFO">${token} = Bearer eyJhbGciOiJIUzI1NiIsInR5cCI6IkpXVCJ9.eyJlbWFpbCI6Inlub3ZhZXNAeWFob28uY29tLmJyIiwicGFzc3dvcmQiOiIqSSYyMVhlMCIsImlhdCI6MTc3NjE2NzQ3MCwiZXhwIjoxNzc2MTY4MDcwfQ.a_FGskpfEBMvmbCSxkginNgB_eMMR4VnmFvgV...</msg>
<var>${token}</var>
<arg>${user}</arg>
<status status="PASS" start="2026-04-14T08:51:10.398133" elapsed="0.196904"/>
</kw>
<kw name="Criar Header Autorizado" owner="base_api">
<if>
<branch type="IF" condition="'${token_custom}' == '${EMPTY}'">
<kw name="Garantir Token Valido" owner="base_api">
<status status="NOT RUN" start="2026-04-14T08:51:10.596131" elapsed="0.000017"/>
</kw>
<kw name="Create Dictionary" owner="BuiltIn">
<var>${headers}</var>
<arg>Authorization=${TOKEN}</arg>
[...]
</kw>
<status status="PASS" start="2026-04-14T08:51:16.045243" elapsed="0.001348"/>
</kw>
<status status="PASS" start="2026-04-14T08:51:15.840737" elapsed="0.206005"/>
</test>
<test id="s1-s4-t9" name="Cenário 08: Não permitir cadastro sem password" line="138">
<kw name="Gerar Dados de Usuario Completo" owner="data_factory">
<kw name="Name" owner="FakerLibrary">
<msg time="2026-04-14T08:51:16.048033" level="INFO">${nome} = Danilo Mendonça</msg>
<var>${nome}</var>
<doc>:example: 'John Doe'</doc>
<status status="PASS" start="2026-04-14T08:51:16.047850" elapsed="0.000212"/>
</kw>
<kw name="Free Email" owner="FakerLibrary">
<msg time="2026-04-14T08:51:16.048302" level="INFO">${email} = fogacamurilo@yahoo.com.br</msg>
<var>${email}</var>
<status status="PASS" start="2026-04-14T08:51:16.048154" elapsed="0.000170"/>
</kw>
<kw name="Password" owner="FakerLibrary">
<msg time="2026-04-14T08:51:16.048598" level="INFO">${senha} = D+x1zmRd</msg>
<var>${senha}</var>
<arg>length=8</arg>
<doc>Generate a random password of the specified ``length``.</doc>
<status status="PASS" start="2026-04-14T08:51:16.048403" elapsed="0.000216"/>
</kw>
<kw name="Create Dictionary" owner="BuiltIn">
<msg time="2026-04-14T08:51:16.049107" level="INFO">&amp;{usuario} = { nome=Danilo Mendonça | email=fogacamurilo@yahoo.com.br | password=D+x1zmRd | administrador=true }</msg>
<var>&amp;{usuario}</var>
<arg>nome=${nome}</arg>
<arg>email=${email}</arg>
<arg>password=${senha}</arg>
<arg>administrador=true</arg>
<doc>Creates and returns a dictionary based on the given ``items``.</doc>
<status status="PASS" start="2026-04-14T08:51:16.048714" elapsed="0.000419"/>
</kw>
<return>
<value>&amp;{usuario}</value>
<status status="PASS" start="2026-04-14T08:51:16.049180" elapsed="0.000030"/>
</return>
<msg time="2026-04-14T08:51:16.049320" level="INFO">${user} = {'nome': 'Danilo Mendonça', 'email': 'fogacamurilo@yahoo.com.br', 'password': 'D+x1zmRd', 'administrador': 'true'}</msg>
<var>${user}</var>
<status status="PASS" start="2026-04-14T08:51:16.047617" elapsed="0.001723"/>
</kw>
<kw name="Remove From Dictionary" owner="Collections">
<msg time="2026-04-14T08:51:16.049826" level="INFO">Removed item with key 'password' and value 'D+x1zmRd'.</msg>
<arg>${user}</arg>
<arg>password</arg>
<doc>Removes the given ``keys`` from the ``dictionary``.</doc>
<status status="PASS" start="2026-04-14T08:51:16.049662" elapsed="0.000200"/>
</kw>
<kw name="Criar Usuario" owner="usuarios">
<kw name="POST Endpoint" owner="base_api">
<kw name="POST On Session" owner="RequestsLibrary">
<msg time="2026-04-14T08:51:16.238072" level="INFO">POST Request : url=https://serverest.dev/usuarios 
 path_url=/usuarios 
 headers={'Content-Length': '95', 'Content-Type': 'application/json'} 
 body=b'{"nome": "Danilo Mendon\\u00e7a", "email": "fogacamurilo@yahoo.com.br", "administrador": "true"}' 
 </msg>
<msg time="2026-04-14T08:51:16.238356" level="INFO">POST Response : url=https://serverest.dev/usuarios 
 status=400, reason=Bad Request 
 headers={'access-control-allow-origin': '*', 'x-dns-prefetch-control': 'off', 'x-frame-options': 'SAMEORIGIN', 'strict-transport-security': 'max-age=15552000; includeSubDomains', 'x-download-options': 'noopen', 'x-content-type-options': 'nosniff', 'x-xss-protection': '1; mode=block', 'content-type': 'application/json; charset=utf-8', 'x-cloud-trace-context': 'a83f0566dd2fdaa9cefeac3ffa7142b5', 'date': 'Tue, 14 Apr 2026 11:51:16 GMT', 'server': 'Google Frontend', 'Content-Length': '46'} 
 body={
    "password": "password é obrigatório"
} 
 </msg>
<msg time="2026-04-14T08:51:16.238584" level="INFO">${response} = &lt;Response [400]&gt;</msg>
<var>${response}</var>
<arg>serverest</arg>
<arg>${endpoint}</arg>
<arg>json=${body}</arg>
<arg>headers=${headers}</arg>
<arg>expected_status=any</arg>
<doc>Sends a POST request on a previously created HTTP Session.</doc>
<status status="PASS" start="2026-04-14T08:51:16.050729" elapsed="0.187897"/>
</kw>
<return>
<value>${response}</value>
<status status="PASS" start="2026-04-14T08:51:16.238746" elapsed="0.000065"/>
</return>
<msg time="2026-04-14T08:51:16.239030" level="INFO">${response} = &lt;Response [400]&gt;</msg>
<var>${response}</var>
<arg>/usuarios</arg>
<arg>${usuario}</arg>
<status status="PASS" start="2026-04-14T08:51:16.050331" elapsed="0.188739"/>
</kw>
<return>
<value>${response}</value>
<status status="PASS" start="2026-04-14T08:51:16.239157" elapsed="0.000039"/>
</return>
<msg time="2026-04-14T08:51:16.239366" level="INFO">${response} = &lt;Response [400]&gt;</msg>
<var>${response}</var>
<arg>${user}</arg>
<status status="PASS" start="2026-04-14T08:51:16.050102" elapsed="0.189300"/>
</kw>
<kw name="Should Be Equal As Integers" owner="BuiltIn">
<msg time="2026-04-14T08:51:16.241289" level="INFO">Argument types are:
&lt;class 'int'&gt;
&lt;class 'str'&gt;</msg>
<arg>${response.status_code}</arg>
<arg>400</arg>
<doc>Fails if objects are unequal after converting them to integers.</doc>
<status status="PASS" start="2026-04-14T08:51:16.240236" elapsed="0.001190"/>
</kw>
<kw name="Validar Chaves do JSON" owner="base_api">
<for flavor="IN">
<iter>
<kw name="Dictionary Should Contain Key" owner="Collections">
<arg>${json}</arg>
<arg>${campo}</arg>
<doc>Fails if ``key`` is not found from ``dictionary``.</doc>
<status status="PASS" start="2026-04-14T08:51:16.243506" elapsed="0.000242"/>
</kw>
<var name="${campo}">password</var>
<status status="PASS" start="2026-04-14T08:51:16.243374" elapsed="0.000471"/>
</iter>
<var>${campo}</var>
<value>@{campos}</value>
<status status="PASS" start="2026-04-14T08:51:16.243193" elapsed="0.000694"/>
</for>
<arg>${response.json()}</arg>
<arg>password</arg>
<status status="PASS" start="2026-04-14T08:51:16.242349" elapsed="0.001603"/>
</kw>
<kw name="Limpar Usuario Criado" owner="usuarios" type="TEARDOWN">
<kw name="Run Keyword If" owner="BuiltIn">
<arg>'${ID_USUARIO_CRIADO}' != '${EMPTY}'</arg>
<arg>Deletar Usuario</arg>
<arg>${ID_USUARIO_CRIADO}</arg>
<doc>Runs the given keyword with the given arguments, if ``condition`` is true.</doc>
<status status="PASS" start="2026-04-14T08:51:16.245423" elapsed="0.000837"/>
</kw>
<status status="PASS" start="2026-04-14T08:51:16.244918" elapsed="0.001426"/>
</kw>
<status status="PASS" start="2026-04-14T08:51:16.047035" elapsed="0.199629"/>
</test>
<test id="s1-s4-t10" name="Cenário 09: Não permitir email inválido" line="149">
<kw name="Gerar Dados de Usuario Completo" owner="data_factory">
<kw name="Name" owner="FakerLibrary">
<msg time="2026-04-14T08:51:16.248141" level="INFO">${nome} = Eduardo Peixoto</msg>
<var>${nome}</var>
<doc>:example: 'John Doe'</doc>
<status status="PASS" start="2026-04-14T08:51:16.247995" elapsed="0.000170"/>
</kw>
<kw name="Free Email" owner="FakerLibrary">
<msg time="2026-04-14T08:51:16.248389" level="INFO">${email} = pribeiro@bol.com.br</msg>
<var>${email}</var>
<status status="PASS" start="2026-04-14T08:51:16.248251" elapsed="0.000158"/>
</kw>
<kw name="Password" owner="FakerLibrary">
<msg time="2026-04-14T08:51:16.248665" level="INFO">${senha} = t#9ZJKgy</msg>
<var>${senha}</var>
<arg>length=8</arg>
<doc>Generate a random password of the specified ``length``.</doc>
<status status="PASS" start="2026-04-14T08:51:16.248483" elapsed="0.000201"/>
</kw>
<kw name="Create Dictionary" owner="BuiltIn">
<msg time="2026-04-14T08:51:16.249193" level="INFO">&amp;{usuario} = { nome=Eduardo Peixoto | email=pribeiro@bol.com.br | password=t#9ZJKgy | administrador=true }</msg>
<var>&amp;{usuario}</var>
<arg>nome=${nome}</arg>
<arg>email=${email}</arg>
<arg>password=${senha}</arg>
<arg>administrador=true</arg>
<doc>Creates and returns a dictionary based on the given ``items``.</doc>
<status status="PASS" start="2026-04-14T08:51:16.248786" elapsed="0.000430"/>
</kw>
<return>
<value>&amp;{usuario}</value>
<status status="PASS" start="2026-04-14T08:51:16.249267" elapsed="0.000032"/>
</return>
<msg time="2026-04-14T08:51:16.249414" level="INFO">${user} = {'nome': 'Eduardo Peixoto', 'email': 'pribeiro@bol.com.br', 'password': 't#9ZJKgy', 'administrador': 'true'}</msg>
<var>${user}</var>
<status status="PASS" start="2026-04-14T08:51:16.247607" elapsed="0.001827"/>
</kw>
<kw name="Set To Dictionary" owner="Collections">
<arg>${user}</arg>
<arg>email=email_invalido</arg>
<doc>Adds the given ``key_value_pairs`` and/or ``items`` to the ``dictionary``.</doc>
<status status="PASS" start="2026-04-14T08:51:16.250032" elapsed="0.000212"/>
</kw>
<kw name="Criar Usuario" owner="usuarios">
<kw name="POST Endpoint" owner="base_api">
<kw name="POST On Session" owner="RequestsLibrary">
<msg time="2026-04-14T08:51:16.461825" level="INFO">POST Request : url=https://serverest.dev/usuarios 
 path_url=/usuarios 
 headers={'Content-Length': '103', 'Content-Type': 'application/json'} 
 body=b'{"nome": "Eduardo Peixoto", "email": "email_invalido", "password": "t#9ZJKgy", "administrador": "true"}' 
 </msg>
<msg time="2026-04-14T08:51:16.462029" level="INFO">POST Response : url=https://serverest.dev/usuarios 
 status=400, reason=Bad Request 
 headers={'access-control-allow-origin': '*', 'x-dns-prefetch-control': 'off', 'x-frame-options': 'SAMEORIGIN', 'strict-transport-security': 'max-age=15552000; includeSubDomains', 'x-download-options': 'noopen', 'x-content-type-options': 'nosniff', 'x-xss-protection': '1; mode=block', 'content-type': 'application/json; charset=utf-8', 'x-cloud-trace-context': '39bf96daf976de98cefeac3ffa714ce2', 'date': 'Tue, 14 Apr 2026 11:51:16 GMT', 'server': 'Google Frontend', 'Content-Length': '50'} 
 body={
    "email": "email deve ser um email válido"
} 
 </msg>
<msg time="2026-04-14T08:51:16.462322" level="INFO">${response} = &lt;Response [400]&gt;</msg>
<var>${response}</var>
<arg>serverest</arg>
<arg>${endpoint}</arg>
<arg>json=${body}</arg>
<arg>headers=${headers}</arg>
<arg>expected_status=any</arg>
<doc>Sends a POST request on a previously created HTTP Session.</doc>
<status status="PASS" start="2026-04-14T08:51:16.251654" elapsed="0.210714"/>
</kw>
<return>
<value>${response}</value>
<status status="PASS" start="2026-04-14T08:51:16.462502" elapsed="0.000064"/>
</return>
<msg time="2026-04-14T08:51:16.462906" level="INFO">${response} = &lt;Response [400]&gt;</msg>
<var>${response}</var>
<arg>/usuarios</arg>
<arg>${usuario}</arg>
<status status="PASS" start="2026-04-14T08:51:16.251174" elapsed="0.211781"/>
</kw>
<return>
<value>${response}</value>
<status status="PASS" start="2026-04-14T08:51:16.463140" elapsed="0.000098"/>
</return>
<msg time="2026-04-14T08:51:16.463481" level="INFO">${response} = &lt;Response [400]&gt;</msg>
<var>${response}</var>
<arg>${user}</arg>
<status status="PASS" start="2026-04-14T08:51:16.250806" elapsed="0.212713"/>
</kw>
<kw name="Should Be Equal As Integers" owner="BuiltIn">
<msg time="2026-04-14T08:51:16.464832" level="INFO">Argument types are:
&lt;class 'int'&gt;
&lt;class 'str'&gt;</msg>
<arg>${response.status_code}</arg>
<arg>400</arg>
<doc>Fails if objects are unequal after converting them to integers.</doc>
<status status="PASS" start="2026-04-14T08:51:16.464056" elapsed="0.000859"/>
</kw>
<kw name="Validar Chaves do JSON" owner="base_api">
<for flavor="IN">
<iter>
<kw name="Dictionary Should Contain Key" owner="Collections">
<arg>${json}</arg>
<arg>${campo}</arg>
<doc>Fails if ``key`` is not found from ``dictionary``.</doc>
<status status="PASS" start="2026-04-14T08:51:16.466369" elapsed="0.000154"/>
</kw>
<var name="${campo}">email</var>
<status status="PASS" start="2026-04-14T08:51:16.466275" elapsed="0.000287"/>
</iter>
<var>${campo}</var>
<value>@{campos}</value>
<status status="PASS" start="2026-04-14T08:51:16.466158" elapsed="0.000433"/>
</for>
<arg>${response.json()}</arg>
<arg>email</arg>
<status status="PASS" start="2026-04-14T08:51:16.465616" elapsed="0.001015"/>
</kw>
<kw name="Limpar Usuario Criado" owner="usuarios" type="TEARDOWN">
<kw name="Run Keyword If" owner="BuiltIn">
<arg>'${ID_USUARIO_CRIADO}' != '${EMPTY}'</arg>
<arg>Deletar Usuario</arg>
<arg>${ID_USUARIO_CRIADO}</arg>
<doc>Runs the given keyword with the given arguments, if ``condition`` is true.</doc>
<status status="PASS" start="2026-04-14T08:51:16.467473" elapsed="0.000498"/>
</kw>
<status status="PASS" start="2026-04-14T08:51:16.467254" elapsed="0.000775"/>
</kw>
<status status="PASS" start="2026-04-14T08:51:16.247173" elapsed="0.221219"/>
</test>
<test id="s1-s4-t11" name="Cenário 10: Validar estrutura de erro no cadastro inválido" line="160">
<kw name="Create Dictionary" owner="BuiltIn">
<msg time="2026-04-14T08:51:16.470117" level="INFO">${user} = {}</msg>
<var>${user}</var>
<doc>Creates and returns a dictionary based on the given ``items``.</doc>
<status status="PASS" start="2026-04-14T08:51:16.469837" elapsed="0.000309"/>
</kw>
<kw name="Criar Usuario" owner="usuarios">
<kw name="POST Endpoint" owner="base_api">
<kw name="POST On Session" owner="RequestsLibrary">
<msg time="2026-04-14T08:51:16.656740" level="INFO">POST Request : url=https://serverest.dev/usuarios 
 path_url=/usuarios 
 headers={'Content-Length': '2', 'Content-Type': 'application/json'} 
 body=b'{}' 
 </msg>
<msg time="2026-04-14T08:51:16.656854" level="INFO">POST Response : url=https://serverest.dev/usuarios 
 status=400, reason=Bad Request 
 headers={'access-control-allow-origin': '*', 'x-dns-prefetch-control': 'off', 'x-frame-options': 'SAMEORIGIN', 'strict-transport-security': 'max-age=15552000; includeSubDomains', 'x-download-options': 'noopen', 'x-content-type-options': 'nosniff', 'x-xss-protection': '1; mode=block', 'content-type': 'application/json; charset=utf-8', 'x-cloud-trace-context': 'ea0c8aeb20a81831cefeac3ffa71440b', 'date': 'Tue, 14 Apr 2026 11:51:16 GMT', 'server': 'Google Frontend', 'Content-Length': '174'} 
 body={
    "nome": "nome é obrigatório",
    "email": "email é obrigatório",
    "password": "password é obrigatório",
    "administrador": "administrador é obrigatório"
} 
 </msg>
<msg time="2026-04-14T08:51:16.657018" level="INFO">${response} = &lt;Response [400]&gt;</msg>
<var>${response}</var>
<arg>serverest</arg>
<arg>${endpoint}</arg>
<arg>json=${body}</arg>
<arg>headers=${headers}</arg>
<arg>expected_status=any</arg>
<doc>Sends a POST request on a previously created HTTP Session.</doc>
<status status="PASS" start="2026-04-14T08:51:16.471154" elapsed="0.185897"/>
</kw>
<return>
<value>${response}</value>
<status status="PASS" start="2026-04-14T08:51:16.657152" elapsed="0.000048"/>
</return>
<msg time="2026-04-14T08:51:16.657368" level="INFO">${response} = &lt;Response [400]&gt;</msg>
<var>${response}</var>
<arg>/usuarios</arg>
<arg>${usuario}</arg>
<status status="PASS" start="2026-04-14T08:51:16.470759" elapsed="0.186637"/>
</kw>
<return>
<value>${response}</value>
<status status="PASS" start="2026-04-14T08:51:16.657446" elapsed="0.000027"/>
</return>
<msg time="2026-04-14T08:51:16.657592" level="INFO">${response} = &lt;Response [400]&gt;</msg>
<var>${response}</var>
<arg>${user}</arg>
<status status="PASS" start="2026-04-14T08:51:16.470531" elapsed="0.187086"/>
</kw>
<kw name="Should Be Equal As Integers" owner="BuiltIn">
<msg time="2026-04-14T08:51:16.658988" level="INFO">Argument types are:
&lt;class 'int'&gt;
&lt;class 'str'&gt;</msg>
<arg>${response.status_code}</arg>
<arg>400</arg>
<doc>Fails if objects are unequal after converting them to integers.</doc>
<status status="PASS" start="2026-04-14T08:51:16.658326" elapsed="0.000727"/>
</kw>
<kw name="Set Variable" owner="BuiltIn">
<msg time="2026-04-14T08:51:16.660342" level="INFO">${body} = {'nome': 'nome é obrigatório', 'email': 'email é obrigatório', 'password': 'password é obrigatório', 'administrador': 'administrador é obrigatório'}</msg>
<var>${body}</var>
<arg>${response.json()}</arg>
<doc>Returns the given values which can then be assigned to a variables.</doc>
<status status="PASS" start="2026-04-14T08:51:16.659675" elapsed="0.000700"/>
</kw>
<kw name="Validar Chaves do JSON" owner="base_api">
<for flavor="IN">
<iter>
<kw name="Dictionary Should Contain Key" owner="Collections">
<arg>${json}</arg>
<arg>${campo}</arg>
<doc>Fails if ``key`` is not found from ``dictionary``.</doc>
<status status="PASS" start="2026-04-14T08:51:16.662102" elapsed="0.000223"/>
</kw>
<var name="${campo}">nome</var>
<status status="PASS" start="2026-04-14T08:51:16.661968" elapsed="0.000416"/>
</iter>
<iter>
<kw name="Dictionary Should Contain Key" owner="Collections">
<arg>${json}</arg>
<arg>${campo}</arg>
<doc>Fails if ``key`` is not found from ``dictionary``.</doc>
<status status="PASS" start="2026-04-14T08:51:16.662555" elapsed="0.000166"/>
</kw>
<var name="${campo}">email</var>
<status status="PASS" start="2026-04-14T08:51:16.662473" elapsed="0.000286"/>
</iter>
<iter>
<kw name="Dictionary Should Contain Key" owner="Collections">
<arg>${json}</arg>
<arg>${campo}</arg>
<doc>Fails if ``key`` is not found from ``dictionary``.</doc>
<status status="PASS" start="2026-04-14T08:51:16.662889" elapsed="0.000129"/>
</kw>
<var name="${campo}">password</var>
<status status="PASS" start="2026-04-14T08:51:16.662826" elapsed="0.000223"/>
</iter>
<var>${campo}</var>
<value>@{campos}</value>
<status status="PASS" start="2026-04-14T08:51:16.661783" elapsed="0.001292"/>
</for>
<arg>${body}</arg>
<arg>nome</arg>
<arg>email</arg>
<arg>password</arg>
<status status="PASS" start="2026-04-14T08:51:16.661402" elapsed="0.001720"/>
</kw>
<kw name="Limpar Usuario Criado" owner="usuarios" type="TEARDOWN">
<kw name="Run Keyword If" owner="BuiltIn">
<arg>'${ID_USUARIO_CRIADO}' != '${EMPTY}'</arg>
<arg>Deletar Usuario</arg>
<arg>${ID_USUARIO_CRIADO}</arg>
<doc>Runs the given keyword with the given arguments, if ``condition`` is true.</doc>
<status status="PASS" start="2026-04-14T08:51:16.663818" elapsed="0.000650"/>
</kw>
<status status="PASS" start="2026-04-14T08:51:16.663600" elapsed="0.000926"/>
</kw>
<status status="PASS" start="2026-04-14T08:51:16.469309" elapsed="0.195485"/>
</test>
<doc>Gestão de Usuários</doc>
<status status="FAIL" start="2026-04-14T08:51:12.124070" elapsed="4.541190"/>
</suite>
<status status="FAIL" start="2026-04-14T08:51:05.731433" elapsed="10.934768"/>
</suite>
<statistics>
<total>
<stat pass="22" fail="7" skip="0">All Tests</stat>
</total>
<tag>
<stat pass="1" fail="0" skip="0">admin</stat>
<stat pass="3" fail="0" skip="0">contrato</stat>
<stat pass="1" fail="0" skip="0">estresse</stat>
<stat pass="5" fail="1" skip="0">negativo</stat>
<stat pass="0" fail="1" skip="0">permissao</stat>
<stat pass="1" fail="0" skip="0">positivo</stat>
<stat pass="2" fail="0" skip="0">regra_negocio</stat>
</tag>
<suite>
<stat name="Tests" id="s1" pass="22" fail="7" skip="0">Tests</stat>
<stat name="Carrinho" id="s1-s1" pass="0" fail="4" skip="0">Tests.Carrinho</stat>
<stat name="Login" id="s1-s2" pass="6" fail="1" skip="0">Tests.Login</stat>
<stat name="Produtos" id="s1-s3" pass="6" fail="1" skip="0">Tests.Produtos</stat>
<stat name="Usuarios" id="s1-s4" pass="10" fail="1" skip="0">Tests.Usuarios</stat>
</suite>
</statistics>
<errors>
<msg time="2026-04-14T08:51:06.676521" level="ERROR">Error in file 'C:\Users\vidal\Downloads\QE-AIR-Compass-Leticia-Vidal\Documentos\Fase-2\Sprint-4\semana-8\resources\carrinho.resource' on line 7: Setting 'Suite Setup' is not allowed in resource file.</msg>
<msg time="2026-04-14T08:51:06.676714" level="ERROR">Error in file 'C:\Users\vidal\Downloads\QE-AIR-Compass-Leticia-Vidal\Documentos\Fase-2\Sprint-4\semana-8\resources\carrinho.resource' on line 8: Setting 'Test Teardown' is not allowed in resource file.</msg>
<msg time="2026-04-14T08:51:06.676927" level="ERROR">Error in file 'C:\Users\vidal\Downloads\QE-AIR-Compass-Leticia-Vidal\Documentos\Fase-2\Sprint-4\semana-8\tests\carrinho.robot' on line 4: Error in file 'C:\Users\vidal\Downloads\QE-AIR-Compass-Leticia-Vidal\Documentos\Fase-2\Sprint-4\semana-8\resources\carrinho.resource' on line 10: Resource file with 'Test Cases' section is invalid.</msg>
</errors>
</robot>
